TN:
SF:/qulacs-osaka/src/cppsim/circuit.cpp
FN:23,_ZN14QuantumCircuit20update_quantum_stateEP16QuantumStateBase
FN:36,_ZN14QuantumCircuit20update_quantum_stateEP16QuantumStateBasejj
FN:61,_ZN14QuantumCircuitC2ERKS_
FN:70,_ZN14QuantumCircuitC2Ej
FN:75,_ZNK14QuantumCircuit4copyEv
FN:83,_Z16check_gate_indexPK14QuantumCircuitPK15QuantumGateBase
FN:97,_ZN14QuantumCircuit8add_gateEP15QuantumGateBase
FN:108,_ZN14QuantumCircuit8add_gateEP15QuantumGateBasej
FN:123,_ZN14QuantumCircuit13add_gate_copyEPK15QuantumGateBase
FN:127,_ZN14QuantumCircuit13add_gate_copyEPK15QuantumGateBasej
FN:131,_ZN14QuantumCircuit14add_noise_gateEP15QuantumGateBaseNSt7__cxx1112basic_stringIcSt11char_traitsIcESaIcEEEd
FN:209,_ZN14QuantumCircuit19add_noise_gate_copyEP15QuantumGateBaseNSt7__cxx1112basic_stringIcSt11char_traitsIcESaIcEEEd
FN:214,_ZN14QuantumCircuit11remove_gateEj
FN:224,_ZN14QuantumCircuitD2Ev
FN:224,_ZN14QuantumCircuitD0Ev
FN:230,_ZNK14QuantumCircuit11is_CliffordEv
FN:235,_ZNK14QuantumCircuit11is_GaussianEv
FN:240,_ZNK14QuantumCircuit15calculate_depthEv
FN:269,_ZNK14QuantumCircuit9to_stringB5cxx11Ev
FN:297,_ZlsRSoRK14QuantumCircuit
FN:301,_ZlsRSoPK14QuantumCircuit
FN:306,_ZN14QuantumCircuit10add_X_gateEj
FN:309,_ZN14QuantumCircuit10add_Y_gateEj
FN:312,_ZN14QuantumCircuit10add_Z_gateEj
FN:315,_ZN14QuantumCircuit10add_H_gateEj
FN:318,_ZN14QuantumCircuit10add_S_gateEj
FN:321,_ZN14QuantumCircuit13add_Sdag_gateEj
FN:324,_ZN14QuantumCircuit10add_T_gateEj
FN:327,_ZN14QuantumCircuit13add_Tdag_gateEj
FN:330,_ZN14QuantumCircuit14add_sqrtX_gateEj
FN:333,_ZN14QuantumCircuit17add_sqrtXdag_gateEj
FN:336,_ZN14QuantumCircuit14add_sqrtY_gateEj
FN:339,_ZN14QuantumCircuit17add_sqrtYdag_gateEj
FN:342,_ZN14QuantumCircuit11add_P0_gateEj
FN:345,_ZN14QuantumCircuit11add_P1_gateEj
FN:348,_ZN14QuantumCircuit13add_CNOT_gateEjj
FN:351,_ZN14QuantumCircuit11add_CZ_gateEjj
FN:354,_ZN14QuantumCircuit13add_SWAP_gateEjj
FN:357,_ZN14QuantumCircuit11add_RX_gateEjd
FN:360,_ZN14QuantumCircuit11add_RY_gateEjd
FN:363,_ZN14QuantumCircuit11add_RZ_gateEjd
FN:366,_ZN14QuantumCircuit11add_U1_gateEjd
FN:369,_ZN14QuantumCircuit11add_U2_gateEjdd
FN:372,_ZN14QuantumCircuit11add_U3_gateEjddd
FN:376,_ZN14QuantumCircuit20add_multi_Pauli_gateESt6vectorIjSaIjEES2_
FN:380,_ZN14QuantumCircuit20add_multi_Pauli_gateERK13PauliOperator
FN:384,_ZN14QuantumCircuit29add_multi_Pauli_rotation_gateESt6vectorIjSaIjEES2_d
FN:390,_ZN14QuantumCircuit29add_multi_Pauli_rotation_gateERK13PauliOperator
FN:402,_ZN14QuantumCircuit37add_diagonal_observable_rotation_gateERK24HermitianQuantumOperatord
FN:421,_ZN14QuantumCircuit28add_observable_rotation_gateERK24HermitianQuantumOperatordj
FN:443,_ZN14QuantumCircuit21add_dense_matrix_gateEjRKN5Eigen6MatrixISt7complexIdELin1ELin1ELi1ELin1ELin1EEE
FN:455,_ZN14QuantumCircuit21add_dense_matrix_gateESt6vectorIjSaIjEERKN5Eigen6MatrixISt7complexIdELin1ELin1ELi1ELin1ELin1EEE
FN:469,_ZN14QuantumCircuit23add_random_unitary_gateESt6vectorIjSaIjEE
FN:474,_ZN14QuantumCircuit23add_random_unitary_gateESt6vectorIjSaIjEEj
FNDA:214,_ZN14QuantumCircuit14add_sqrtX_gateEj
FNDA:2,_ZN14QuantumCircuit17add_sqrtYdag_gateEj
FNDA:0,_ZN14QuantumCircuit23add_random_unitary_gateESt6vectorIjSaIjEEj
FNDA:0,_ZN14QuantumCircuit13add_gate_copyEPK15QuantumGateBasej
FNDA:2,_ZN14QuantumCircuit28add_observable_rotation_gateERK24HermitianQuantumOperatordj
FNDA:0,_ZN14QuantumCircuit21add_dense_matrix_gateESt6vectorIjSaIjEERKN5Eigen6MatrixISt7complexIdELin1ELin1ELi1ELin1ELin1EEE
FNDA:2481,_ZN14QuantumCircuit8add_gateEP15QuantumGateBasej
FNDA:148,_ZN14QuantumCircuitD0Ev
FNDA:2,_ZN14QuantumCircuit10add_S_gateEj
FNDA:83,_ZN14QuantumCircuit13add_SWAP_gateEjj
FNDA:2,_ZNK14QuantumCircuit11is_GaussianEv
FNDA:0,_ZN14QuantumCircuit11add_U2_gateEjdd
FNDA:1988,_ZN14QuantumCircuitC2Ej
FNDA:2,_ZN14QuantumCircuit37add_diagonal_observable_rotation_gateERK24HermitianQuantumOperatord
FNDA:0,_ZN14QuantumCircuit20add_multi_Pauli_gateESt6vectorIjSaIjEES2_
FNDA:36,_ZNK14QuantumCircuit15calculate_depthEv
FNDA:2,_ZN14QuantumCircuit11add_RY_gateEjd
FNDA:148,_ZNK14QuantumCircuit4copyEv
FNDA:2,_ZNK14QuantumCircuit9to_stringB5cxx11Ev
FNDA:2,_ZNK14QuantumCircuit11is_CliffordEv
FNDA:0,_ZlsRSoRK14QuantumCircuit
FNDA:0,_ZN14QuantumCircuit11add_U1_gateEjd
FNDA:192,_ZN14QuantumCircuit14add_sqrtY_gateEj
FNDA:0,_ZlsRSoPK14QuantumCircuit
FNDA:0,_ZN14QuantumCircuit21add_dense_matrix_gateEjRKN5Eigen6MatrixISt7complexIdELin1ELin1ELi1ELin1ELin1EEE
FNDA:0,_ZN14QuantumCircuit29add_multi_Pauli_rotation_gateERK13PauliOperator
FNDA:36,_ZN14QuantumCircuit10add_Z_gateEj
FNDA:2,_ZN14QuantumCircuit11add_RX_gateEjd
FNDA:14,_ZN14QuantumCircuit10add_Y_gateEj
FNDA:281,_ZN14QuantumCircuit13add_CNOT_gateEjj
FNDA:2,_ZN14QuantumCircuit13add_Tdag_gateEj
FNDA:102000,_ZN14QuantumCircuit20update_quantum_stateEP16QuantumStateBasejj
FNDA:2,_ZN14QuantumCircuit11add_P0_gateEj
FNDA:4086,_ZN14QuantumCircuit20update_quantum_stateEP16QuantumStateBase
FNDA:2,_ZN14QuantumCircuit11add_RZ_gateEjd
FNDA:2,_ZN14QuantumCircuit10add_H_gateEj
FNDA:239,_ZN14QuantumCircuit10add_T_gateEj
FNDA:4962,_ZN14QuantumCircuit11remove_gateEj
FNDA:4,_ZN14QuantumCircuit14add_noise_gateEP15QuantumGateBaseNSt7__cxx1112basic_stringIcSt11char_traitsIcESaIcEEEd
FNDA:0,_ZN14QuantumCircuit19add_noise_gate_copyEP15QuantumGateBaseNSt7__cxx1112basic_stringIcSt11char_traitsIcESaIcEEEd
FNDA:0,_ZN14QuantumCircuit20add_multi_Pauli_gateERK13PauliOperator
FNDA:221,_ZN14QuantumCircuit11add_CZ_gateEjj
FNDA:2,_ZN14QuantumCircuit13add_Sdag_gateEj
FNDA:4,_ZN14QuantumCircuit29add_multi_Pauli_rotation_gateESt6vectorIjSaIjEES2_d
FNDA:0,_ZN14QuantumCircuitC2ERKS_
FNDA:2,_ZN14QuantumCircuit11add_P1_gateEj
FNDA:2,_ZN14QuantumCircuit17add_sqrtXdag_gateEj
FNDA:47437,_Z16check_gate_indexPK14QuantumCircuitPK15QuantumGateBase
FNDA:2,_ZN14QuantumCircuit13add_gate_copyEPK15QuantumGateBase
FNDA:284,_ZN14QuantumCircuitD2Ev
FNDA:600,_ZN14QuantumCircuit23add_random_unitary_gateESt6vectorIjSaIjEE
FNDA:44956,_ZN14QuantumCircuit8add_gateEP15QuantumGateBase
FNDA:28,_ZN14QuantumCircuit10add_X_gateEj
FNDA:0,_ZN14QuantumCircuit11add_U3_gateEjddd
FNF:54
FNH:40
DA:23,4086
DA:24,4086
DA:28,0
DA:31,40677
DA:32,36591
DA:34,4086
DA:36,102000
DA:38,102000
DA:42,0
DA:44,102000
DA:48,0
DA:50,102000
DA:54,0
DA:56,500000
DA:57,398000
DA:59,102000
DA:61,0
DA:62,0
DA:64,0
DA:65,0
DA:66,0
DA:68,0
DA:70,1988
DA:71,1988
DA:72,1988
DA:73,1988
DA:75,148
DA:76,148
DA:77,4872
DA:78,4724
DA:80,148
DA:83,47437
DA:85,47437
DA:86,47437
DA:87,47437
DA:88,47437
DA:89,47409
DA:91,47437
DA:92,11303
DA:94,94874
DA:97,44956
DA:98,44956
DA:103,0
DA:105,44956
DA:106,44956
DA:108,2481
DA:109,2481
DA:113,0
DA:115,2481
DA:118,0
DA:120,2481
DA:121,2481
DA:123,2
DA:124,2
DA:125,2
DA:127,0
DA:128,0
DA:129,0
DA:131,4
DA:133,4
DA:134,4
DA:135,4
DA:136,4
DA:137,4
DA:138,0
DA:140,4
DA:141,4
DA:142,4
DA:143,0
DA:144,0
DA:145,0
DA:152,0
DA:153,0
DA:155,0
DA:156,0
DA:157,0
DA:163,0
DA:164,0
DA:166,0
DA:167,0
DA:168,0
DA:174,0
DA:175,0
DA:177,0
DA:178,0
DA:179,0
DA:186,0
DA:187,0
DA:189,0
DA:190,0
DA:191,0
DA:197,0
DA:198,0
DA:204,0
DA:205,0
DA:207,4
DA:209,0
DA:211,0
DA:212,0
DA:214,4962
DA:215,4962
DA:218,0
DA:220,4962
DA:221,4962
DA:222,4962
DA:224,432
DA:225,5823
DA:226,5539
DA:228,432
DA:230,2
DA:231,2
DA:232,2
DA:235,2
DA:236,2
DA:237,2
DA:240,36
DA:241,36
DA:242,36
DA:243,102
DA:244,66
DA:245,154
DA:246,88
DA:247,88
DA:248,88
DA:250,80
DA:251,14
DA:252,14
DA:253,14
DA:255,154
DA:256,88
DA:257,88
DA:259,80
DA:260,14
DA:261,14
DA:263,66
DA:264,128
DA:266,36
DA:269,2
DA:270,4
DA:271,2
DA:272,2
DA:274,4
DA:276,2
DA:277,2
DA:278,0
DA:279,0
DA:282,2
DA:283,2
DA:284,2
DA:285,2
DA:286,0
DA:289,4
DA:291,4
DA:294,2
DA:297,0
DA:298,0
DA:299,0
DA:301,0
DA:302,0
DA:303,0
DA:306,28
DA:307,28
DA:308,28
DA:309,14
DA:310,14
DA:311,14
DA:312,36
DA:313,36
DA:314,36
DA:315,2
DA:316,2
DA:317,2
DA:318,2
DA:319,2
DA:320,2
DA:321,2
DA:322,2
DA:323,2
DA:324,239
DA:325,239
DA:326,239
DA:327,2
DA:328,2
DA:329,2
DA:330,214
DA:331,214
DA:332,214
DA:333,2
DA:334,2
DA:335,2
DA:336,192
DA:337,192
DA:338,192
DA:339,2
DA:340,2
DA:341,2
DA:342,2
DA:343,2
DA:344,2
DA:345,2
DA:346,2
DA:347,2
DA:348,281
DA:349,281
DA:350,281
DA:351,221
DA:352,221
DA:353,221
DA:354,83
DA:355,83
DA:356,83
DA:357,2
DA:358,2
DA:359,2
DA:360,2
DA:361,2
DA:362,2
DA:363,2
DA:364,2
DA:365,2
DA:366,0
DA:367,0
DA:368,0
DA:369,0
DA:370,0
DA:371,0
DA:372,0
DA:374,0
DA:375,0
DA:376,0
DA:378,0
DA:379,0
DA:380,0
DA:381,0
DA:382,0
DA:383,0
DA:384,4
DA:387,8
DA:388,4
DA:389,4
DA:390,0
DA:393,0
DA:397,0
DA:399,0
DA:400,0
DA:401,0
DA:402,2
DA:404,2
DA:408,0
DA:410,2
DA:411,6
DA:412,8
DA:413,4
DA:414,4
DA:416,0
DA:418,4
DA:420,2
DA:421,2
DA:423,2
DA:427,0
DA:429,2
DA:430,2
DA:431,2
DA:432,0
DA:433,0
DA:435,96
DA:436,658
DA:437,1128
DA:438,1128
DA:439,1128
DA:442,2
DA:443,0
DA:445,0
DA:450,0
DA:453,0
DA:454,0
DA:455,0
DA:457,0
DA:463,0
DA:466,0
DA:467,0
DA:469,600
DA:471,600
DA:472,600
DA:474,0
DA:476,0
DA:477,0
LF:287
LH:190
end_of_record
TN:
SF:/qulacs-osaka/src/cppsim/circuit.hpp
FN:140,_ZN14QuantumCircuit13merge_circuitEPKS_
FNDA:0,_ZN14QuantumCircuit13merge_circuitEPKS_
FNF:1
FNH:0
DA:140,0
DA:141,0
DA:145,0
DA:147,0
DA:148,0
DA:150,0
LF:6
LH:0
end_of_record
TN:
SF:/qulacs-osaka/src/cppsim/circuit_optimizer.cpp
FN:14,_ZN23QuantumCircuitOptimizer27get_rightmost_commute_indexEj
FN:24,_ZN23QuantumCircuitOptimizer26get_leftmost_commute_indexEj
FN:35,_ZN23QuantumCircuitOptimizer20get_merged_gate_sizeEjj
FN:38,_ZZN23QuantumCircuitOptimizer20get_merged_gate_sizeEjjENKUlRKSt6vectorI15TargetQubitInfoSaIS1_EEE_clES5_.isra.0
FN:46,_ZZN23QuantumCircuitOptimizer20get_merged_gate_sizeEjjENKUlRKSt6vectorI16ControlQubitInfoSaIS1_EEE0_clES5_.isra.0
FN:83,_ZN23QuantumCircuitOptimizer14is_neighboringEjj
FN:92,_ZN23QuantumCircuitOptimizer8optimizeEP14QuantumCircuitj
FN:141,_ZN23QuantumCircuitOptimizer14optimize_lightEP14QuantumCircuit
FN:187,_ZN23QuantumCircuitOptimizer9merge_allEPK14QuantumCircuit
FNDA:116,_ZN23QuantumCircuitOptimizer8optimizeEP14QuantumCircuitj
FNDA:85682,_ZZN23QuantumCircuitOptimizer20get_merged_gate_sizeEjjENKUlRKSt6vectorI15TargetQubitInfoSaIS1_EEE_clES5_.isra.0
FNDA:7237,_ZN23QuantumCircuitOptimizer14is_neighboringEjj
FNDA:42841,_ZN23QuantumCircuitOptimizer20get_merged_gate_sizeEjj
FNDA:7237,_ZN23QuantumCircuitOptimizer27get_rightmost_commute_indexEj
FNDA:85682,_ZZN23QuantumCircuitOptimizer20get_merged_gate_sizeEjjENKUlRKSt6vectorI16ControlQubitInfoSaIS1_EEE0_clES5_.isra.0
FNDA:26,_ZN23QuantumCircuitOptimizer14optimize_lightEP14QuantumCircuit
FNDA:9515,_ZN23QuantumCircuitOptimizer26get_leftmost_commute_indexEj
FNDA:0,_ZN23QuantumCircuitOptimizer9merge_allEPK14QuantumCircuit
FNF:9
FNH:8
DA:14,7237
DA:15,7237
DA:16,11688
DA:17,11673
DA:21,7237
DA:24,9515
DA:26,9515
DA:27,21489
DA:28,21231
DA:29,21231
DA:32,9515
DA:35,42841
DA:38,85682
DA:42,85682
DA:43,85682
DA:46,85682
DA:50,85682
DA:51,85682
DA:55,42841
DA:57,42841
DA:59,42841
DA:61,42841
DA:63,42841
DA:64,42841
DA:65,42841
DA:66,42841
DA:71,42841
DA:74,42841
DA:77,42841
DA:78,85682
DA:83,7237
DA:86,7237
DA:87,7237
DA:88,7237
DA:89,7237
DA:92,116
DA:94,116
DA:96,343
DA:98,2770
DA:99,45384
DA:102,85682
DA:103,42841
DA:104,40563
DA:108,42841
DA:109,35604
DA:114,7237
DA:117,2278
DA:118,2278
DA:121,2278
DA:126,2278
DA:130,2278
DA:131,2278
DA:132,2278
DA:134,2278
DA:139,116
DA:141,26
DA:142,26
DA:143,26
DA:145,78
DA:146,741
DA:147,715
DA:151,2495
DA:152,1065
DA:153,1630
DA:154,200
DA:155,715
DA:159,1980
DA:160,1265
DA:162,862
DA:165,715
DA:166,715
DA:168,203
DA:169,203
DA:170,203
DA:171,203
DA:172,203
DA:180,1521
DA:181,2018
DA:185,26
DA:187,0
DA:189,0
DA:190,0
DA:192,0
DA:194,0
DA:195,0
DA:196,0
DA:199,0
LF:87
LH:79
end_of_record
TN:
SF:/qulacs-osaka/src/cppsim/exception.hpp
FNF:0
FNH:0
DA:21,0
DA:35,0
DA:49,0
DA:63,22
DA:77,4
DA:91,0
DA:105,0
DA:120,0
DA:134,0
DA:148,0
DA:162,0
DA:177,0
DA:191,0
DA:205,0
DA:219,0
DA:233,0
DA:247,0
DA:260,0
LF:18
LH:2
end_of_record
TN:
SF:/qulacs-osaka/src/cppsim/gate.cpp
FN:11,_ZNK15QuantumGateBase10is_commuteEPKS_
FN:32,_ZNK15QuantumGateBase8is_PauliEv
FN:35,_ZNK15QuantumGateBase11is_CliffordEv
FN:38,_ZNK15QuantumGateBase11is_GaussianEv
FN:41,_ZNK15QuantumGateBase13is_parametricEv
FN:45,_ZNK15QuantumGateBase11is_diagonalEv
FN:59,_ZNK15QuantumGateBase18get_property_valueEv
FN:63,_ZNK15QuantumGateBase16commute_Pauli_atEjj
FN:98,_ZNK15QuantumGateBase9to_stringB5cxx11Ev
FN:127,_ZNK15QuantumGateBase8get_nameB5cxx11Ev
FN:129,_ZlsRSoRK15QuantumGateBase
FN:133,_ZlsRSoPK15QuantumGateBase
FNDA:0,_ZlsRSoRK15QuantumGateBase
FNDA:0,_ZNK15QuantumGateBase9to_stringB5cxx11Ev
FNDA:2,_ZNK15QuantumGateBase11is_GaussianEv
FNDA:32904,_ZNK15QuantumGateBase10is_commuteEPKS_
FNDA:0,_ZNK15QuantumGateBase16commute_Pauli_atEjj
FNDA:6750,_ZNK15QuantumGateBase18get_property_valueEv
FNDA:0,_ZlsRSoPK15QuantumGateBase
FNDA:144,_ZNK15QuantumGateBase8get_nameB5cxx11Ev
FNDA:0,_ZNK15QuantumGateBase8is_PauliEv
FNDA:4,_ZNK15QuantumGateBase11is_diagonalEv
FNDA:85682,_ZNK15QuantumGateBase13is_parametricEv
FNDA:2,_ZNK15QuantumGateBase11is_CliffordEv
FNF:12
FNH:7
DA:11,32904
DA:12,61769
DA:13,98101
DA:15,68155
DA:17,35819
DA:19,6954
DA:22,17885
DA:23,3018
DA:25,1849
DA:29,16425
DA:32,0
DA:33,0
DA:35,2
DA:36,2
DA:38,2
DA:39,2
DA:41,85682
DA:42,85682
DA:45,4
DA:48,4
DA:50,4
DA:59,6750
DA:60,6750
DA:63,0
DA:65,0
DA:66,0
DA:67,0
DA:71,0
DA:72,0
DA:73,0
DA:74,0
DA:75,0
DA:77,0
DA:78,0
DA:80,0
DA:81,0
DA:88,0
DA:89,0
DA:90,0
DA:93,0
DA:98,0
DA:99,0
DA:103,0
DA:107,0
DA:110,0
DA:114,0
DA:116,0
DA:118,0
DA:120,0
DA:122,0
DA:124,0
DA:127,144
DA:129,0
DA:130,0
DA:131,0
DA:133,0
DA:134,0
DA:135,0
LF:58
LH:22
end_of_record
TN:
SF:/qulacs-osaka/src/cppsim/gate.hpp
FN:92,_ZN15QuantumGateBaseC2Ev
FN:95,_ZN15QuantumGateBaseC2ERKS_
FN:109,_ZN15QuantumGateBaseD2Ev
FN:109,_ZN15QuantumGateBaseD0Ev
FN:122,_ZNK15QuantumGateBase21get_target_index_listEv
FN:133,_ZNK15QuantumGateBase22get_control_index_listEv
FN:270,_ZN15QuantumGateBase8set_seedEi
FN:271,_ZN15QuantumGateBase27get_cumulative_distributionEv
FN:272,_ZN15QuantumGateBase13get_gate_listEv
FN:273,_ZN15QuantumGateBase25optimize_ProbablisticGateEv
FN:276,_ZN15QuantumGateBase21set_target_index_listERKSt6vectorIjSaIjEE
FN:283,_ZN15QuantumGateBase22set_control_index_listERKSt6vectorIjSaIjEE
FNDA:6372,_ZN15QuantumGateBaseD2Ev
FNDA:10243,_ZN15QuantumGateBaseC2Ev
FNDA:0,_ZN15QuantumGateBase22set_control_index_listERKSt6vectorIjSaIjEE
FNDA:41920,_ZN15QuantumGateBaseC2ERKS_
FNDA:0,_ZN15QuantumGateBaseD0Ev
FNDA:0,_ZN15QuantumGateBase13get_gate_listEv
FNDA:48156,_ZNK15QuantumGateBase22get_control_index_listEv
FNDA:54996,_ZNK15QuantumGateBase21get_target_index_listEv
FNDA:0,_ZN15QuantumGateBase25optimize_ProbablisticGateEv
FNDA:0,_ZN15QuantumGateBase8set_seedEi
FNDA:0,_ZN15QuantumGateBase21set_target_index_listERKSt6vectorIjSaIjEE
FNDA:0,_ZN15QuantumGateBase27get_cumulative_distributionEv
FNF:12
FNH:5
DA:92,10243
DA:93,10243
DA:94,10243
DA:95,41920
DA:96,41920
DA:97,41920
DA:98,41920
DA:99,41920
DA:100,41920
DA:101,41920
DA:102,41920
DA:109,6372
DA:122,54996
DA:123,54996
DA:124,127450
DA:125,72454
DA:126,54996
DA:133,48156
DA:134,48156
DA:135,59659
DA:136,11503
DA:137,48156
DA:270,0
DA:271,0
DA:272,0
DA:273,0
DA:276,0
DA:277,0
DA:278,0
DA:279,0
DA:280,0
DA:281,0
DA:283,0
DA:284,0
DA:285,0
DA:286,0
DA:287,0
DA:288,0
LF:38
LH:22
end_of_record
TN:
SF:/qulacs-osaka/src/cppsim/gate_factory.cpp
FN:31,_ZN4gate8IdentityEj
FN:34,_ZN4gate1XEj
FN:35,_ZN4gate1YEj
FN:36,_ZN4gate1ZEj
FN:37,_ZN4gate1HEj
FN:38,_ZN4gate1SEj
FN:39,_ZN4gate4SdagEj
FN:40,_ZN4gate1TEj
FN:41,_ZN4gate4TdagEj
FN:42,_ZN4gate5sqrtXEj
FN:45,_ZN4gate8sqrtXdagEj
FN:48,_ZN4gate5sqrtYEj
FN:51,_ZN4gate8sqrtYdagEj
FN:54,_ZN4gate2P0Ej
FN:55,_ZN4gate2P1Ej
FN:56,_ZN4gate2RXEjd
FN:59,_ZN4gate2RYEjd
FN:62,_ZN4gate2RZEjd
FN:66,_ZN4gate15get_IBMQ_matrixEddd
FN:80,_ZN4gate2U1Ejd
FN:86,_ZN4gate2U2Ejdd
FN:92,_ZN4gate2U3Ejddd
FN:99,_ZN4gate4CNOTEjj
FN:109,_ZN4gate2CZEjj
FN:119,_ZN4gate4SWAPEjj
FN:129,_ZN4gate5PauliESt6vectorIjSaIjEES2_
FN:141,_ZN4gate13PauliRotationESt6vectorIjSaIjEES2_d
FN:155,_ZN4gate11DenseMatrixEjN5Eigen6MatrixISt7complexIdELin1ELin1ELi1ELin1ELin1EEE
FN:159,_ZN4gate11DenseMatrixESt6vectorIjSaIjEEN5Eigen6MatrixISt7complexIdELin1ELin1ELi1ELin1ELin1EEE
FN:171,_ZN4gate12SparseMatrixESt6vectorIjSaIjEEN5Eigen12SparseMatrixISt7complexIdELi0EiEE
FN:183,_ZN4gate14DiagonalMatrixESt6vectorIjSaIjEEN5Eigen6MatrixISt7complexIdELin1ELi1ELi0ELin1ELi1EEE
FN:196,_ZN4gate13RandomUnitaryESt6vectorIjSaIjEE
FN:225,_ZN4gate13RandomUnitaryESt6vectorIjSaIjEEj
FN:255,_ZN4gate17ReversibleBooleanESt6vectorIjSaIjEESt8functionIFyyyEE
FN:267,_ZN4gate15StateReflectionEPK16QuantumStateBase
FN:271,_ZN4gate12BitFlipNoiseEjd
FN:280,_ZN4gate14DephasingNoiseEjd
FN:289,_ZN4gate18IndependentXZNoiseEjd
FN:303,_ZN4gate17DepolarizingNoiseEjd
FN:316,_ZN4gate25TwoQubitDepolarizingNoiseEjjd
FN:346,_ZN4gate21AmplitudeDampingNoiseEjd
FN:357,_ZN4gate11MeasurementEjj
FN:368,_ZN4gate14NoisyEvolutionEP24HermitianQuantumOperatorSt6vectorIP22GeneralQuantumOperatorSaIS4_EEdd
FN:373,_ZN4gate31create_quantum_gate_from_stringENSt7__cxx1112basic_stringIcSt11char_traitsIcESaIcEEE
FNDA:42,_ZN4gate4SdagEj
FNDA:232,_ZN4gate5sqrtYEj
FNDA:10,_ZN4gate17DepolarizingNoiseEjd
FNDA:0,_ZN4gate15StateReflectionEPK16QuantumStateBase
FNDA:4,_ZN4gate12SparseMatrixESt6vectorIjSaIjEEN5Eigen12SparseMatrixISt7complexIdELi0EiEE
FNDA:42,_ZN4gate4TdagEj
FNDA:2,_ZN4gate14DephasingNoiseEjd
FNDA:4,_ZN4gate2U3Ejddd
FNDA:122,_ZN4gate2RXEjd
FNDA:170,_ZN4gate1XEj
FNDA:622,_ZN4gate13PauliRotationESt6vectorIjSaIjEES2_d
FNDA:126,_ZN4gate1YEj
FNDA:44,_ZN4gate11DenseMatrixESt6vectorIjSaIjEEN5Eigen6MatrixISt7complexIdELin1ELin1ELi1ELin1ELin1EEE
FNDA:2,_ZN4gate18IndependentXZNoiseEjd
FNDA:44,_ZN4gate8sqrtXdagEj
FNDA:486,_ZN4gate1HEj
FNDA:6,_ZN4gate17ReversibleBooleanESt6vectorIjSaIjEESt8functionIFyyyEE
FNDA:82,_ZN4gate2RZEjd
FNDA:2,_ZN4gate21AmplitudeDampingNoiseEjd
FNDA:4,_ZN4gate14DiagonalMatrixESt6vectorIjSaIjEEN5Eigen6MatrixISt7complexIdELin1ELi1ELi0ELin1ELi1EEE
FNDA:82,_ZN4gate2P1Ej
FNDA:2,_ZN4gate11MeasurementEjj
FNDA:254,_ZN4gate5sqrtXEj
FNDA:204,_ZN4gate11DenseMatrixEjN5Eigen6MatrixISt7complexIdELin1ELin1ELi1ELin1ELin1EEE
FNDA:6,_ZN4gate25TwoQubitDepolarizingNoiseEjjd
FNDA:269,_ZN4gate2CZEjj
FNDA:2,_ZN4gate12BitFlipNoiseEjd
FNDA:0,_ZN4gate13RandomUnitaryESt6vectorIjSaIjEEj
FNDA:0,_ZN4gate31create_quantum_gate_from_stringENSt7__cxx1112basic_stringIcSt11char_traitsIcESaIcEEE
FNDA:0,_ZN4gate2U1Ejd
FNDA:104,_ZN4gate5PauliESt6vectorIjSaIjEES2_
FNDA:252,_ZN4gate8IdentityEj
FNDA:42,_ZN4gate8sqrtYdagEj
FNDA:0,_ZN4gate2U2Ejdd
FNDA:892,_ZN4gate13RandomUnitaryESt6vectorIjSaIjEE
FNDA:20,_ZN4gate14NoisyEvolutionEP24HermitianQuantumOperatorSt6vectorIP22GeneralQuantumOperatorSaIS4_EEdd
FNDA:279,_ZN4gate1TEj
FNDA:102,_ZN4gate2RYEjd
FNDA:127,_ZN4gate4SWAPEjj
FNDA:711,_ZN4gate4CNOTEjj
FNDA:4,_ZN4gate15get_IBMQ_matrixEddd
FNDA:82,_ZN4gate2P0Ej
FNDA:106,_ZN4gate1ZEj
FNDA:42,_ZN4gate1SEj
FNF:44
FNH:39
DA:31,252
DA:32,252
DA:34,170
DA:35,126
DA:36,106
DA:37,486
DA:38,42
DA:39,42
DA:40,279
DA:41,42
DA:42,254
DA:43,254
DA:45,44
DA:46,44
DA:48,232
DA:49,232
DA:51,42
DA:52,42
DA:54,82
DA:55,82
DA:56,122
DA:57,122
DA:59,102
DA:60,102
DA:62,82
DA:63,82
DA:66,4
DA:70,4
DA:71,4
DA:73,4
DA:74,4
DA:75,4
DA:76,4
DA:77,4
DA:78,4
DA:80,0
DA:81,0
DA:83,0
DA:84,0
DA:86,0
DA:87,0
DA:89,0
DA:90,0
DA:92,4
DA:93,4
DA:96,12
DA:99,711
DA:100,711
DA:105,4
DA:107,709
DA:109,269
DA:110,269
DA:115,4
DA:117,267
DA:119,127
DA:120,127
DA:124,4
DA:126,125
DA:129,104
DA:130,104
DA:136,4
DA:138,102
DA:139,102
DA:141,622
DA:143,622
DA:149,4
DA:151,620
DA:152,620
DA:155,204
DA:156,204
DA:157,612
DA:159,44
DA:161,44
DA:166,4
DA:168,84
DA:171,4
DA:173,4
DA:179,4
DA:181,4
DA:183,4
DA:185,4
DA:191,4
DA:193,4
DA:196,892
DA:197,892
DA:202,4
DA:204,890
DA:205,890
DA:206,890
DA:207,890
DA:208,7958
DA:209,144500
DA:210,137432
DA:213,1780
DA:214,890
DA:217,7958
DA:218,7068
DA:219,144500
DA:220,137432
DA:223,2670
DA:225,0
DA:226,0
DA:231,0
DA:233,0
DA:234,0
DA:235,0
DA:236,0
DA:237,0
DA:238,0
DA:239,0
DA:240,0
DA:243,0
DA:244,0
DA:247,0
DA:248,0
DA:249,0
DA:250,0
DA:253,0
DA:255,6
DA:257,6
DA:263,4
DA:265,12
DA:267,0
DA:268,0
DA:271,2
DA:272,2
DA:273,2
DA:275,4
DA:276,2
DA:277,2
DA:278,2
DA:280,2
DA:281,2
DA:282,2
DA:284,4
DA:285,2
DA:286,2
DA:287,2
DA:289,2
DA:290,2
DA:291,2
DA:292,2
DA:293,2
DA:294,2
DA:295,2
DA:297,4
DA:298,2
DA:299,2
DA:300,2
DA:301,2
DA:303,10
DA:304,10
DA:305,10
DA:306,10
DA:307,10
DA:309,20
DA:310,10
DA:311,10
DA:312,10
DA:313,10
DA:314,10
DA:316,6
DA:318,6
DA:323,4
DA:326,68
DA:327,64
DA:328,60
DA:329,60
DA:330,120
DA:332,60
DA:333,60
DA:335,4
DA:338,4
DA:339,4
DA:340,12
DA:341,64
DA:342,60
DA:344,4
DA:346,2
DA:347,2
DA:348,4
DA:349,4
DA:350,4
DA:351,2
DA:352,2
DA:353,2
DA:354,2
DA:355,2
DA:357,2
DA:359,2
DA:360,2
DA:362,2
DA:363,2
DA:364,2
DA:365,2
DA:368,20
DA:370,40
DA:373,0
DA:376,0
DA:379,0
DA:381,0
DA:383,0
DA:384,0
DA:385,0
DA:386,0
DA:387,0
DA:388,0
DA:389,0
DA:390,0
DA:391,0
DA:392,0
DA:393,0
DA:394,0
DA:395,0
DA:396,0
DA:397,0
DA:398,0
DA:399,0
DA:400,0
DA:401,0
DA:402,0
DA:403,0
DA:404,0
DA:405,0
DA:406,0
DA:407,0
DA:408,0
DA:409,0
DA:410,0
DA:411,0
DA:412,0
DA:413,0
DA:414,0
DA:415,0
DA:416,0
DA:417,0
DA:418,0
DA:419,0
DA:420,0
DA:421,0
DA:422,0
DA:423,0
DA:424,0
DA:425,0
DA:426,0
DA:427,0
DA:428,0
DA:429,0
DA:430,0
DA:431,0
DA:432,0
DA:433,0
DA:434,0
DA:435,0
DA:436,0
DA:437,0
DA:438,0
DA:439,0
DA:440,0
DA:441,0
DA:442,0
DA:444,0
DA:445,0
DA:446,0
DA:447,0
DA:448,0
DA:449,0
DA:450,0
DA:451,0
DA:454,0
DA:455,0
DA:456,0
DA:459,0
DA:460,0
DA:461,0
DA:462,0
DA:464,0
DA:465,0
DA:466,0
DA:468,0
DA:469,0
DA:471,0
DA:473,0
DA:474,0
DA:475,0
DA:476,0
DA:478,0
DA:480,0
DA:481,0
LF:289
LH:169
end_of_record
TN:
SF:/qulacs-osaka/src/cppsim/gate_general.hpp
FN:24,_ZN25QuantumGate_ProbabilisticC2ESt6vectorIdSaIdEES0_IP15QuantumGateBaseSaIS4_EE
FN:40,_ZN25QuantumGate_ProbabilisticD0Ev
FN:40,_ZN25QuantumGate_ProbabilisticD2Ev
FN:51,_ZN25QuantumGate_Probabilistic20update_quantum_stateEP16QuantumStateBase
FN:91,_ZNK25QuantumGate_Probabilistic4copyEv
FN:104,_ZNK25QuantumGate_Probabilistic10set_matrixERN5Eigen6MatrixISt7complexIdELin1ELin1ELi1ELin1ELin1EEE
FN:115,_ZN25QuantumGate_Probabilistic8set_seedEi
FN:117,_ZN25QuantumGate_Probabilistic27get_cumulative_distributionEv
FN:120,_ZN25QuantumGate_Probabilistic13get_gate_listEv
FN:123,_ZN25QuantumGate_Probabilistic25optimize_ProbablisticGateEv
FN:167,_ZN35QuantumGate_ProbabilisticInstrumentC2ESt6vectorIdSaIdEES0_IP15QuantumGateBaseSaIS4_EEj
FN:185,_ZN35QuantumGate_ProbabilisticInstrumentD0Ev
FN:185,_ZN35QuantumGate_ProbabilisticInstrumentD2Ev
FN:196,_ZN35QuantumGate_ProbabilisticInstrument20update_quantum_stateEP16QuantumStateBase
FN:215,_ZNK35QuantumGate_ProbabilisticInstrument4copyEv
FN:229,_ZNK35QuantumGate_ProbabilisticInstrument10set_matrixERN5Eigen6MatrixISt7complexIdELin1ELin1ELi1ELin1ELin1EEE
FN:246,_ZN16QuantumGate_CPTPC2ESt6vectorIP15QuantumGateBaseSaIS2_EE
FN:252,_ZN16QuantumGate_CPTPD2Ev
FN:252,_ZN16QuantumGate_CPTPD0Ev
FN:263,_ZN16QuantumGate_CPTP20update_quantum_stateEP16QuantumStateBase
FN:315,_ZNK16QuantumGate_CPTP4copyEv
FN:327,_ZNK16QuantumGate_CPTP10set_matrixERN5Eigen6MatrixISt7complexIdELin1ELin1ELi1ELin1ELin1EEE
FN:347,_ZN14QuantumGate_CPC2ESt6vectorIP15QuantumGateBaseSaIS2_EEbbb
FN:358,_ZN14QuantumGate_CPD0Ev
FN:358,_ZN14QuantumGate_CPD2Ev
FN:369,_ZN14QuantumGate_CP20update_quantum_stateEP16QuantumStateBase
FN:438,_ZNK14QuantumGate_CP4copyEv
FN:451,_ZNK14QuantumGate_CP10set_matrixERN5Eigen6MatrixISt7complexIdELin1ELin1ELi1ELin1ELin1EEE
FN:469,_ZN22QuantumGate_InstrumentC2ESt6vectorIP15QuantumGateBaseSaIS2_EEj
FN:477,_ZN22QuantumGate_InstrumentD2Ev
FN:477,_ZN22QuantumGate_InstrumentD0Ev
FN:488,_ZN22QuantumGate_Instrument20update_quantum_stateEP16QuantumStateBase
FN:523,_ZNK22QuantumGate_Instrument4copyEv
FN:536,_ZNK22QuantumGate_Instrument10set_matrixERN5Eigen6MatrixISt7complexIdELin1ELin1ELi1ELin1ELin1EEE
FN:556,_ZN20QuantumGate_AdaptiveC2EP15QuantumGateBaseSt8functionIFbRKSt6vectorIjSaIjEEEE
FN:559,_ZN20QuantumGate_AdaptiveC2EP15QuantumGateBaseSt8functionIFbRKSt6vectorIjSaIjEEjEEj
FN:567,_ZN20QuantumGate_AdaptiveD2Ev
FN:567,_ZN20QuantumGate_AdaptiveD0Ev
FN:574,_ZN20QuantumGate_Adaptive20update_quantum_stateEP16QuantumStateBase
FN:590,_ZNK20QuantumGate_Adaptive4copyEv
FN:602,_ZNK20QuantumGate_Adaptive10set_matrixERN5Eigen6MatrixISt7complexIdELin1ELin1ELi1ELin1ELin1EEE
FNDA:4,_ZNK25QuantumGate_Probabilistic4copyEv
FNDA:46,_ZN16QuantumGate_CPTPC2ESt6vectorIP15QuantumGateBaseSaIS2_EE
FNDA:0,_ZNK16QuantumGate_CPTP4copyEv
FNDA:0,_ZNK35QuantumGate_ProbabilisticInstrument10set_matrixERN5Eigen6MatrixISt7complexIdELin1ELin1ELi1ELin1ELin1EEE
FNDA:0,_ZNK25QuantumGate_Probabilistic10set_matrixERN5Eigen6MatrixISt7complexIdELin1ELin1ELi1ELin1ELin1EEE
FNDA:6,_ZN22QuantumGate_InstrumentD0Ev
FNDA:0,_ZN14QuantumGate_CPD2Ev
FNDA:6,_ZN20QuantumGate_AdaptiveD2Ev
FNDA:0,_ZNK20QuantumGate_Adaptive10set_matrixERN5Eigen6MatrixISt7complexIdELin1ELin1ELi1ELin1ELin1EEE
FNDA:0,_ZN35QuantumGate_ProbabilisticInstrumentD2Ev
FNDA:0,_ZNK14QuantumGate_CP4copyEv
FNDA:0,_ZNK35QuantumGate_ProbabilisticInstrument4copyEv
FNDA:4,_ZN20QuantumGate_AdaptiveC2EP15QuantumGateBaseSt8functionIFbRKSt6vectorIjSaIjEEEE
FNDA:46,_ZN16QuantumGate_CPTPD0Ev
FNDA:6,_ZN20QuantumGate_AdaptiveD0Ev
FNDA:0,_ZN14QuantumGate_CPC2ESt6vectorIP15QuantumGateBaseSaIS2_EEbbb
FNDA:0,_ZN25QuantumGate_Probabilistic8set_seedEi
FNDA:48,_ZN25QuantumGate_ProbabilisticC2ESt6vectorIdSaIdEES0_IP15QuantumGateBaseSaIS4_EE
FNDA:46,_ZN16QuantumGate_CPTPD2Ev
FNDA:38,_ZN25QuantumGate_Probabilistic13get_gate_listEv
FNDA:50,_ZN16QuantumGate_CPTP20update_quantum_stateEP16QuantumStateBase
FNDA:0,_ZN14QuantumGate_CPD0Ev
FNDA:4,_ZN25QuantumGate_Probabilistic25optimize_ProbablisticGateEv
FNDA:48,_ZN25QuantumGate_ProbabilisticD0Ev
FNDA:0,_ZNK20QuantumGate_Adaptive4copyEv
FNDA:38,_ZN25QuantumGate_Probabilistic20update_quantum_stateEP16QuantumStateBase
FNDA:0,_ZNK22QuantumGate_Instrument4copyEv
FNDA:0,_ZN35QuantumGate_ProbabilisticInstrument20update_quantum_stateEP16QuantumStateBase
FNDA:0,_ZNK22QuantumGate_Instrument10set_matrixERN5Eigen6MatrixISt7complexIdELin1ELin1ELi1ELin1ELin1EEE
FNDA:0,_ZN35QuantumGate_ProbabilisticInstrumentC2ESt6vectorIdSaIdEES0_IP15QuantumGateBaseSaIS4_EEj
FNDA:0,_ZN14QuantumGate_CP20update_quantum_stateEP16QuantumStateBase
FNDA:0,_ZNK16QuantumGate_CPTP10set_matrixERN5Eigen6MatrixISt7complexIdELin1ELin1ELi1ELin1ELin1EEE
FNDA:6,_ZN22QuantumGate_InstrumentD2Ev
FNDA:2,_ZN20QuantumGate_AdaptiveC2EP15QuantumGateBaseSt8functionIFbRKSt6vectorIjSaIjEEjEEj
FNDA:0,_ZN35QuantumGate_ProbabilisticInstrumentD0Ev
FNDA:48,_ZN25QuantumGate_ProbabilisticD2Ev
FNDA:10,_ZN22QuantumGate_Instrument20update_quantum_stateEP16QuantumStateBase
FNDA:0,_ZNK14QuantumGate_CP10set_matrixERN5Eigen6MatrixISt7complexIdELin1ELin1ELi1ELin1ELin1EEE
FNDA:6,_ZN22QuantumGate_InstrumentC2ESt6vectorIP15QuantumGateBaseSaIS2_EEj
FNDA:40000,_ZN25QuantumGate_Probabilistic27get_cumulative_distributionEv
FNDA:12,_ZN20QuantumGate_Adaptive20update_quantum_stateEP16QuantumStateBase
FNF:41
FNH:21
DA:24,48
DA:26,48
DA:27,48
DA:28,48
DA:29,296
DA:30,248
DA:31,248
DA:35,48
DA:36,48
DA:37,48
DA:38,48
DA:40,144
DA:41,296
DA:42,248
DA:44,96
DA:51,38
DA:52,38
DA:58,12
DA:60,12
DA:61,12
DA:64,26
DA:65,26
DA:66,172
DA:68,146
DA:69,26
DA:70,26
DA:71,120
DA:72,94
DA:73,94
DA:74,94
DA:75,94
DA:77,26
DA:78,26
DA:79,26
DA:82,26
DA:83,26
DA:85,38
DA:91,4
DA:96,16
DA:104,0
DA:108,0
DA:109,0
DA:115,0
DA:117,40000
DA:118,40000
DA:120,38
DA:121,38
DA:123,4
DA:124,4
DA:126,20
DA:127,16
DA:131,20
DA:132,16
DA:133,16
DA:135,4
DA:137,4
DA:138,4
DA:139,4
DA:140,20
DA:141,16
DA:142,16
DA:144,4
DA:167,0
DA:170,0
DA:171,0
DA:172,0
DA:173,0
DA:174,0
DA:175,0
DA:176,0
DA:180,0
DA:181,0
DA:182,0
DA:183,0
DA:185,0
DA:186,0
DA:187,0
DA:189,0
DA:196,0
DA:202,0
DA:204,0
DA:205,0
DA:207,0
DA:208,0
DA:209,0
DA:215,0
DA:219,0
DA:221,0
DA:229,0
DA:233,0
DA:234,0
DA:246,46
DA:249,46
DA:250,46
DA:251,46
DA:252,138
DA:253,206
DA:254,160
DA:256,92
DA:263,50
DA:264,50
DA:268,6
DA:270,6
DA:271,13
DA:272,13
DA:273,13
DA:274,13
DA:275,13
DA:276,6
DA:277,6
DA:280,7
DA:283,6
DA:288,6
DA:290,44
DA:291,44
DA:292,200
DA:294,156
DA:295,44
DA:296,112
DA:297,68
DA:298,68
DA:299,68
DA:301,44
DA:302,44
DA:305,44
DA:306,44
DA:308,50
DA:315,0
DA:319,0
DA:320,0
DA:327,0
DA:331,0
DA:332,0
DA:347,0
DA:350,0
DA:352,0
DA:355,0
DA:356,0
DA:357,0
DA:358,0
DA:359,0
DA:360,0
DA:362,0
DA:369,0
DA:370,0
DA:374,0
DA:376,0
DA:382,0
DA:384,0
DA:385,0
DA:386,0
DA:387,0
DA:388,0
DA:392,0
DA:393,0
DA:394,0
DA:395,0
DA:396,0
DA:397,0
DA:398,0
DA:399,0
DA:403,0
DA:406,0
DA:407,0
DA:408,0
DA:411,0
DA:413,0
DA:414,0
DA:415,0
DA:417,0
DA:418,0
DA:419,0
DA:420,0
DA:421,0
DA:422,0
DA:424,0
DA:425,0
DA:428,0
DA:429,0
DA:431,0
DA:438,0
DA:442,0
DA:443,0
DA:444,0
DA:451,0
DA:455,0
DA:456,0
DA:469,6
DA:471,6
DA:474,6
DA:475,6
DA:476,6
DA:477,18
DA:478,26
DA:479,20
DA:481,12
DA:488,10
DA:492,10
DA:494,10
DA:496,24
DA:497,24
DA:498,24
DA:499,24
DA:500,24
DA:501,10
DA:502,10
DA:505,14
DA:506,14
DA:509,10
DA:514,10
DA:516,10
DA:517,10
DA:523,0
DA:527,0
DA:529,0
DA:536,0
DA:541,0
DA:542,0
DA:556,4
DA:558,4
DA:559,2
DA:562,4
DA:564,2
DA:565,2
DA:566,2
DA:567,18
DA:574,12
DA:576,12
DA:577,16
DA:579,12
DA:581,12
DA:582,6
DA:584,12
DA:590,0
DA:591,0
DA:592,0
DA:594,0
DA:602,0
DA:607,0
DA:608,0
LF:240
LH:134
end_of_record
TN:
SF:/qulacs-osaka/src/cppsim/gate_matrix.cpp
FN:18,_ZN17QuantumGateMatrixC2ERKSt6vectorIjSaIjEERKN5Eigen6MatrixISt7complexIdELin1ELin1ELi1ELin1ELin1EEES4_
FN:31,_ZN17QuantumGateMatrixC2ERKSt6vectorI15TargetQubitInfoSaIS1_EERKN5Eigen6MatrixISt7complexIdELin1ELin1ELi1ELin1ELin1EEERKS0_I16ControlQubitInfoSaISD_EE
FN:45,_ZN17QuantumGateMatrixC2ERKSt6vectorIjSaIjEEPN5Eigen6MatrixISt7complexIdELin1ELin1ELi1ELin1ELin1EEES4_
FN:58,_ZN17QuantumGateMatrixC2ERKSt6vectorI15TargetQubitInfoSaIS1_EEPN5Eigen6MatrixISt7complexIdELin1ELin1ELi1ELin1ELin1EEERKS0_I16ControlQubitInfoSaISC_EE
FN:70,_ZN17QuantumGateMatrix20update_quantum_stateEP16QuantumStateBase
FN:273,_ZN17QuantumGateMatrix17add_control_qubitEjj
FN:281,_ZNK17QuantumGateMatrix9to_stringB5cxx11Ev
FN:289,_ZlsRSoRK17QuantumGateMatrix
FN:293,_ZlsRSoP17QuantumGateMatrix
FNDA:1140,_ZN17QuantumGateMatrixC2ERKSt6vectorIjSaIjEERKN5Eigen6MatrixISt7complexIdELin1ELin1ELi1ELin1ELin1EEES4_
FNDA:146,_ZN17QuantumGateMatrix17add_control_qubitEjj
FNDA:0,_ZlsRSoP17QuantumGateMatrix
FNDA:0,_ZNK17QuantumGateMatrix9to_stringB5cxx11Ev
FNDA:3551,_ZN17QuantumGateMatrixC2ERKSt6vectorI15TargetQubitInfoSaIS1_EEPN5Eigen6MatrixISt7complexIdELin1ELin1ELi1ELin1ELin1EEERKS0_I16ControlQubitInfoSaISC_EE
FNDA:0,_ZlsRSoRK17QuantumGateMatrix
FNDA:3062,_ZN17QuantumGateMatrix20update_quantum_stateEP16QuantumStateBase
FNDA:100,_ZN17QuantumGateMatrixC2ERKSt6vectorI15TargetQubitInfoSaIS1_EERKN5Eigen6MatrixISt7complexIdELin1ELin1ELi1ELin1ELin1EEERKS0_I16ControlQubitInfoSaISD_EE
FNDA:0,_ZN17QuantumGateMatrixC2ERKSt6vectorIjSaIjEEPN5Eigen6MatrixISt7complexIdELin1ELin1ELi1ELin1ELin1EEES4_
FNF:9
FNH:5
DA:18,1140
DA:21,1140
DA:22,3556
DA:23,2416
DA:25,1140
DA:26,0
DA:28,1140
DA:29,1140
DA:30,1140
DA:31,100
DA:34,100
DA:36,100
DA:38,200
DA:39,100
DA:40,100
DA:41,100
DA:45,0
DA:48,0
DA:49,0
DA:50,0
DA:52,0
DA:53,0
DA:56,0
DA:57,0
DA:58,3551
DA:61,3551
DA:63,3551
DA:65,7102
DA:67,3551
DA:68,3551
DA:70,3062
DA:71,3062
DA:98,3062
DA:99,3423
DA:100,361
DA:101,361
DA:104,3062
DA:106,2593
DA:108,436
DA:119,670
DA:120,335
DA:124,101
DA:137,162
DA:138,81
DA:139,81
DA:169,40
DA:170,20
DA:171,20
DA:172,20
DA:180,2157
DA:193,2117
DA:194,2117
DA:199,40
DA:214,40
DA:215,20
DA:216,20
DA:238,40
DA:239,20
DA:240,20
DA:241,20
DA:247,469
DA:248,409
DA:249,84
DA:250,42
DA:252,367
DA:253,367
DA:257,60
DA:258,40
DA:259,20
DA:260,20
DA:261,20
DA:263,80
DA:264,40
DA:265,40
DA:266,40
DA:271,3062
DA:273,146
DA:275,146
DA:276,146
DA:277,146
DA:278,146
DA:279,146
DA:281,0
DA:282,0
DA:283,0
DA:285,0
DA:286,0
DA:289,0
DA:290,0
DA:291,0
DA:293,0
DA:294,0
DA:295,0
LF:93
LH:73
end_of_record
TN:
SF:/qulacs-osaka/src/cppsim/gate_matrix.hpp
FN:73,_ZN17QuantumGateMatrixD2Ev
FN:73,_ZN17QuantumGateMatrixD0Ev
FN:90,_ZN17QuantumGateMatrix15multiply_scalarESt7complexIdE
FN:97,_ZN17QuantumGateMatrix17set_gate_propertyEj
FN:113,_ZNK17QuantumGateMatrix4copyEv
FN:122,_ZNK17QuantumGateMatrix10set_matrixERN5Eigen6MatrixISt7complexIdELin1ELin1ELi1ELin1ELin1EEE
FNDA:0,_ZNK17QuantumGateMatrix10set_matrixERN5Eigen6MatrixISt7complexIdELin1ELin1ELi1ELin1ELin1EEE
FNDA:2148,_ZNK17QuantumGateMatrix4copyEv
FNDA:3387,_ZN17QuantumGateMatrix17set_gate_propertyEj
FNDA:106,_ZN17QuantumGateMatrixD2Ev
FNDA:0,_ZN17QuantumGateMatrix15multiply_scalarESt7complexIdE
FNDA:106,_ZN17QuantumGateMatrixD0Ev
FNF:6
FNH:4
DA:73,318
DA:90,0
DA:97,3387
DA:98,3387
DA:99,3387
DA:113,2148
DA:114,2148
DA:122,0
DA:123,0
DA:124,0
LF:10
LH:6
end_of_record
TN:
SF:/qulacs-osaka/src/cppsim/gate_matrix_diagonal.cpp
FN:17,_ZN25QuantumGateDiagonalMatrixC2ERKSt6vectorIjSaIjEERKN5Eigen6MatrixISt7complexIdELin1ELi1ELi0ELin1ELi1EEES4_
FN:30,_ZN25QuantumGateDiagonalMatrixC2ERKSt6vectorI15TargetQubitInfoSaIS1_EERKN5Eigen6MatrixISt7complexIdELin1ELi1ELi0ELin1ELi1EEERKS0_I16ControlQubitInfoSaISD_EE
FN:44,_ZN25QuantumGateDiagonalMatrixC2ERKSt6vectorIjSaIjEEPN5Eigen6MatrixISt7complexIdELin1ELi1ELi0ELin1ELi1EEES4_
FN:57,_ZN25QuantumGateDiagonalMatrixC2ERKSt6vectorI15TargetQubitInfoSaIS1_EEPN5Eigen6MatrixISt7complexIdELin1ELi1ELi0ELin1ELi1EEERKS0_I16ControlQubitInfoSaISC_EE
FN:69,_ZN25QuantumGateDiagonalMatrix20update_quantum_stateEP16QuantumStateBase
FN:134,_ZN25QuantumGateDiagonalMatrix17add_control_qubitEjj
FN:142,_ZNK25QuantumGateDiagonalMatrix9to_stringB5cxx11Ev
FN:150,_ZlsRSoRK25QuantumGateDiagonalMatrix
FN:155,_ZlsRSoP25QuantumGateDiagonalMatrix
FNDA:0,_ZNK25QuantumGateDiagonalMatrix9to_stringB5cxx11Ev
FNDA:0,_ZN25QuantumGateDiagonalMatrix20update_quantum_stateEP16QuantumStateBase
FNDA:0,_ZlsRSoRK25QuantumGateDiagonalMatrix
FNDA:0,_ZN25QuantumGateDiagonalMatrixC2ERKSt6vectorIjSaIjEEPN5Eigen6MatrixISt7complexIdELin1ELi1ELi0ELin1ELi1EEES4_
FNDA:0,_ZlsRSoP25QuantumGateDiagonalMatrix
FNDA:0,_ZN25QuantumGateDiagonalMatrixC2ERKSt6vectorI15TargetQubitInfoSaIS1_EERKN5Eigen6MatrixISt7complexIdELin1ELi1ELi0ELin1ELi1EEERKS0_I16ControlQubitInfoSaISD_EE
FNDA:0,_ZN25QuantumGateDiagonalMatrix17add_control_qubitEjj
FNDA:0,_ZN25QuantumGateDiagonalMatrixC2ERKSt6vectorI15TargetQubitInfoSaIS1_EEPN5Eigen6MatrixISt7complexIdELin1ELi1ELi0ELin1ELi1EEERKS0_I16ControlQubitInfoSaISC_EE
FNDA:2,_ZN25QuantumGateDiagonalMatrixC2ERKSt6vectorIjSaIjEERKN5Eigen6MatrixISt7complexIdELin1ELi1ELi0ELin1ELi1EEES4_
FNF:9
FNH:1
DA:17,2
DA:20,2
DA:21,6
DA:22,4
DA:24,2
DA:25,0
DA:27,2
DA:28,2
DA:29,2
DA:30,0
DA:33,0
DA:35,0
DA:37,0
DA:38,0
DA:39,0
DA:40,0
DA:44,0
DA:47,0
DA:48,0
DA:49,0
DA:51,0
DA:52,0
DA:55,0
DA:56,0
DA:57,0
DA:60,0
DA:62,0
DA:64,0
DA:66,0
DA:67,0
DA:69,0
DA:70,0
DA:80,0
DA:81,0
DA:82,0
DA:83,0
DA:86,0
DA:110,0
DA:111,0
DA:112,0
DA:113,0
DA:115,0
DA:116,0
DA:120,0
DA:121,0
DA:122,0
DA:123,0
DA:130,0
DA:132,0
DA:134,0
DA:136,0
DA:137,0
DA:138,0
DA:139,0
DA:140,0
DA:142,0
DA:143,0
DA:144,0
DA:146,0
DA:147,0
DA:150,0
DA:152,0
DA:153,0
DA:155,0
DA:156,0
DA:157,0
LF:66
LH:8
end_of_record
TN:
SF:/qulacs-osaka/src/cppsim/gate_matrix_diagonal.hpp
FN:72,_ZN25QuantumGateDiagonalMatrixD0Ev
FN:72,_ZN25QuantumGateDiagonalMatrixD2Ev
FN:89,_ZN25QuantumGateDiagonalMatrix15multiply_scalarESt7complexIdE
FN:96,_ZN25QuantumGateDiagonalMatrix17set_gate_propertyEj
FN:112,_ZNK25QuantumGateDiagonalMatrix4copyEv
FN:121,_ZNK25QuantumGateDiagonalMatrix10set_matrixERN5Eigen6MatrixISt7complexIdELin1ELin1ELi1ELin1ELin1EEE
FNDA:2,_ZN25QuantumGateDiagonalMatrixD2Ev
FNDA:0,_ZN25QuantumGateDiagonalMatrix17set_gate_propertyEj
FNDA:0,_ZN25QuantumGateDiagonalMatrix15multiply_scalarESt7complexIdE
FNDA:2,_ZN25QuantumGateDiagonalMatrixD0Ev
FNDA:0,_ZNK25QuantumGateDiagonalMatrix10set_matrixERN5Eigen6MatrixISt7complexIdELin1ELin1ELi1ELin1ELin1EEE
FNDA:0,_ZNK25QuantumGateDiagonalMatrix4copyEv
FNF:6
FNH:2
DA:72,6
DA:89,0
DA:96,0
DA:97,0
DA:98,0
DA:112,0
DA:113,0
DA:121,0
DA:122,0
DA:123,0
DA:124,0
DA:125,0
DA:127,0
LF:13
LH:1
end_of_record
TN:
SF:/qulacs-osaka/src/cppsim/gate_matrix_sparse.cpp
FN:18,_ZN23QuantumGateSparseMatrixC2ERKSt6vectorIjSaIjEERKN5Eigen12SparseMatrixISt7complexIdELi0EiEES4_
FN:31,_ZN23QuantumGateSparseMatrixC2ERKSt6vectorI15TargetQubitInfoSaIS1_EERKN5Eigen12SparseMatrixISt7complexIdELi0EiEERKS0_I16ControlQubitInfoSaISD_EE
FN:45,_ZN23QuantumGateSparseMatrixC2ERKSt6vectorIjSaIjEEPN5Eigen12SparseMatrixISt7complexIdELi0EiEES4_
FN:58,_ZN23QuantumGateSparseMatrixC2ERKSt6vectorI15TargetQubitInfoSaIS1_EEPN5Eigen12SparseMatrixISt7complexIdELi0EiEERKS0_I16ControlQubitInfoSaISC_EE
FN:70,_ZN23QuantumGateSparseMatrix20update_quantum_stateEP16QuantumStateBase
FN:105,_ZN23QuantumGateSparseMatrix17add_control_qubitEjj
FN:113,_ZNK23QuantumGateSparseMatrix9to_stringB5cxx11Ev
FN:121,_ZlsRSoRK23QuantumGateSparseMatrix
FN:126,_ZlsRSoP23QuantumGateSparseMatrix
FNDA:0,_ZNK23QuantumGateSparseMatrix9to_stringB5cxx11Ev
FNDA:0,_ZN23QuantumGateSparseMatrix20update_quantum_stateEP16QuantumStateBase
FNDA:0,_ZN23QuantumGateSparseMatrixC2ERKSt6vectorI15TargetQubitInfoSaIS1_EERKN5Eigen12SparseMatrixISt7complexIdELi0EiEERKS0_I16ControlQubitInfoSaISD_EE
FNDA:0,_ZN23QuantumGateSparseMatrixC2ERKSt6vectorI15TargetQubitInfoSaIS1_EEPN5Eigen12SparseMatrixISt7complexIdELi0EiEERKS0_I16ControlQubitInfoSaISC_EE
FNDA:2,_ZN23QuantumGateSparseMatrixC2ERKSt6vectorIjSaIjEERKN5Eigen12SparseMatrixISt7complexIdELi0EiEES4_
FNDA:0,_ZN23QuantumGateSparseMatrix17add_control_qubitEjj
FNDA:0,_ZlsRSoRK23QuantumGateSparseMatrix
FNDA:0,_ZN23QuantumGateSparseMatrixC2ERKSt6vectorIjSaIjEEPN5Eigen12SparseMatrixISt7complexIdELi0EiEES4_
FNDA:0,_ZlsRSoP23QuantumGateSparseMatrix
FNF:9
FNH:1
DA:18,2
DA:21,2
DA:22,6
DA:23,4
DA:25,2
DA:26,0
DA:28,2
DA:29,2
DA:30,2
DA:31,0
DA:34,0
DA:36,0
DA:38,0
DA:39,0
DA:40,0
DA:41,0
DA:45,0
DA:48,0
DA:49,0
DA:50,0
DA:52,0
DA:53,0
DA:56,0
DA:57,0
DA:58,0
DA:61,0
DA:63,0
DA:65,0
DA:67,0
DA:68,0
DA:70,0
DA:71,0
DA:73,0
DA:75,0
DA:81,0
DA:83,0
DA:94,0
DA:95,0
DA:101,0
DA:103,0
DA:105,0
DA:107,0
DA:108,0
DA:109,0
DA:110,0
DA:111,0
DA:113,0
DA:114,0
DA:115,0
DA:118,0
DA:121,0
DA:123,0
DA:124,0
DA:126,0
DA:127,0
DA:128,0
LF:56
LH:8
end_of_record
TN:
SF:/qulacs-osaka/src/cppsim/gate_matrix_sparse.hpp
FN:73,_ZN23QuantumGateSparseMatrixD0Ev
FN:73,_ZN23QuantumGateSparseMatrixD2Ev
FN:90,_ZN23QuantumGateSparseMatrix15multiply_scalarESt7complexIdE
FN:97,_ZN23QuantumGateSparseMatrix17set_gate_propertyEj
FN:113,_ZNK23QuantumGateSparseMatrix4copyEv
FN:122,_ZNK23QuantumGateSparseMatrix10set_matrixERN5Eigen6MatrixISt7complexIdELin1ELin1ELi1ELin1ELin1EEE
FNDA:0,_ZN23QuantumGateSparseMatrixD2Ev
FNDA:0,_ZN23QuantumGateSparseMatrix17set_gate_propertyEj
FNDA:0,_ZNK23QuantumGateSparseMatrix4copyEv
FNDA:2,_ZN23QuantumGateSparseMatrixD0Ev
FNDA:0,_ZNK23QuantumGateSparseMatrix10set_matrixERN5Eigen6MatrixISt7complexIdELin1ELin1ELi1ELin1ELin1EEE
FNDA:0,_ZN23QuantumGateSparseMatrix15multiply_scalarESt7complexIdE
FNF:6
FNH:1
DA:73,2
DA:90,0
DA:97,0
DA:98,0
DA:99,0
DA:113,0
DA:114,0
DA:122,0
DA:123,0
DA:124,0
LF:10
LH:1
end_of_record
TN:
SF:/qulacs-osaka/src/cppsim/gate_merge.cpp
FN:27,_Z18get_new_qubit_listPK15QuantumGateBaseS1_RSt6vectorI15TargetQubitInfoSaIS3_EERS2_I16ControlQubitInfoSaIS7_EE
FN:161,_Z19get_extended_matrixPK15QuantumGateBaseRKSt6vectorI15TargetQubitInfoSaIS3_EERKS2_I16ControlQubitInfoSaIS8_EERN5Eigen6MatrixISt7complexIdELin1ELin1ELi1ELin1ELin1EEE
FN:324,_ZN4gate5mergeEPK15QuantumGateBaseS2_
FN:366,_ZN4gate5mergeESt6vectorIPK15QuantumGateBaseSaIS3_EE
FN:381,_ZN4gate3addESt6vectorIPK15QuantumGateBaseSaIS3_EE
FN:397,_ZN4gate3addEPK15QuantumGateBaseS2_
FN:438,_ZN4gate14to_matrix_gateEPK15QuantumGateBase
FN:452,_ZN4gate18get_transpose_gateEPK15QuantumGateBase
FN:460,_ZN4gate18get_conjugate_gateEPK15QuantumGateBase
FN:468,_ZN4gate16get_adjoint_gateEPK15QuantumGateBase
FN:477,_ZN4gate13ProbabilisticESt6vectorIdSaIdEES0_IP15QuantumGateBaseSaIS4_EE
FN:482,_ZN4gate23ProbabilisticInstrumentESt6vectorIdSaIdEES0_IP15QuantumGateBaseSaIS4_EEj
FN:488,_ZN4gate4CPTPESt6vectorIP15QuantumGateBaseSaIS2_EE
FN:492,_ZN4gate2CPESt6vectorIP15QuantumGateBaseSaIS2_EEbbb
FN:499,_ZN4gate10InstrumentESt6vectorIP15QuantumGateBaseSaIS2_EEj
FN:504,_ZN4gate8AdaptiveEP15QuantumGateBaseSt8functionIFbRKSt6vectorIjSaIjEEEE
FN:509,_ZN4gate8AdaptiveEP15QuantumGateBaseSt8functionIFbRKSt6vectorIjSaIjEEjEEj
FNDA:0,_ZN4gate23ProbabilisticInstrumentESt6vectorIdSaIdEES0_IP15QuantumGateBaseSaIS4_EEj
FNDA:6774,_Z19get_extended_matrixPK15QuantumGateBaseRKSt6vectorI15TargetQubitInfoSaIS3_EERKS2_I16ControlQubitInfoSaIS8_EERN5Eigen6MatrixISt7complexIdELin1ELin1ELi1ELin1ELin1EEE
FNDA:0,_ZN4gate18get_transpose_gateEPK15QuantumGateBase
FNDA:0,_ZN4gate3addESt6vectorIPK15QuantumGateBaseSaIS3_EE
FNDA:0,_ZN4gate18get_conjugate_gateEPK15QuantumGateBase
FNDA:62,_ZN4gate14to_matrix_gateEPK15QuantumGateBase
FNDA:102,_ZN4gate16get_adjoint_gateEPK15QuantumGateBase
FNDA:0,_ZN4gate2CPESt6vectorIP15QuantumGateBaseSaIS2_EEbbb
FNDA:0,_ZN4gate5mergeESt6vectorIPK15QuantumGateBaseSaIS3_EE
FNDA:3387,_Z18get_new_qubit_listPK15QuantumGateBaseS1_RSt6vectorI15TargetQubitInfoSaIS3_EERS2_I16ControlQubitInfoSaIS7_EE
FNDA:4,_ZN4gate8AdaptiveEP15QuantumGateBaseSt8functionIFbRKSt6vectorIjSaIjEEEE
FNDA:3375,_ZN4gate5mergeEPK15QuantumGateBaseS2_
FNDA:24,_ZN4gate13ProbabilisticESt6vectorIdSaIdEES0_IP15QuantumGateBaseSaIS4_EE
FNDA:4,_ZN4gate10InstrumentESt6vectorIP15QuantumGateBaseSaIS2_EEj
FNDA:12,_ZN4gate3addEPK15QuantumGateBaseS2_
FNDA:44,_ZN4gate4CPTPESt6vectorIP15QuantumGateBaseSaIS2_EE
FNDA:2,_ZN4gate8AdaptiveEP15QuantumGateBaseSt8functionIFbRKSt6vectorIjSaIjEEjEEj
FNF:17
FNH:11
DA:27,3387
DA:31,13542
DA:35,10155
DA:39,10155
DA:40,3589
DA:42,3589
DA:48,6566
DA:52,6566
DA:53,523
DA:55,523
DA:61,6043
DA:65,3570
DA:69,183
DA:73,183
DA:74,49
DA:75,49
DA:76,49
DA:83,134
DA:87,134
DA:88,13
DA:89,13
DA:92,0
DA:94,13
DA:101,121
DA:105,7783
DA:107,4396
DA:111,4396
DA:112,3589
DA:115,807
DA:119,807
DA:120,49
DA:126,758
DA:130,4084
DA:132,697
DA:136,697
DA:137,523
DA:140,174
DA:144,174
DA:145,13
DA:152,161
DA:157,3387
DA:161,6774
DA:168,6774
DA:173,29262
DA:175,22488
DA:179,22488
DA:180,854
DA:182,854
DA:183,854
DA:189,29262
DA:191,22488
DA:195,22488
DA:199,22488
DA:200,7937
DA:201,7083
DA:206,6774
DA:208,6774
DA:210,6774
DA:227,6774
DA:228,6774
DA:229,6774
DA:233,6774
DA:234,6774
DA:238,6774
DA:239,6774
DA:240,6774
DA:241,27844
DA:242,21070
DA:243,21070
DA:244,21070
DA:251,6774
DA:256,14100
DA:258,10956
DA:260,3144
DA:262,3144
DA:263,14100
DA:264,10956
DA:271,3144
DA:272,19734
DA:273,16590
DA:274,5634
DA:277,5634
DA:279,5634
DA:282,5634
DA:283,5634
DA:284,5634
DA:285,5634
DA:287,5634
DA:289,30679
DA:296,25045
DA:297,25045
DA:299,25045
DA:300,25045
DA:301,25045
DA:302,25045
DA:305,10956
DA:316,6774
DA:324,3375
DA:329,3375
DA:331,3375
DA:335,3375
DA:342,3375
DA:344,3375
DA:348,3375
DA:349,3375
DA:354,3375
DA:358,3375
DA:359,3375
DA:360,3375
DA:363,3375
DA:366,0
DA:369,0
DA:370,0
DA:371,0
DA:373,0
DA:374,0
DA:378,0
DA:381,0
DA:384,0
DA:385,0
DA:386,0
DA:388,0
DA:389,0
DA:393,0
DA:397,12
DA:402,12
DA:404,12
DA:408,12
DA:415,12
DA:417,12
DA:421,12
DA:422,12
DA:427,0
DA:431,12
DA:432,12
DA:435,12
DA:438,62
DA:440,62
DA:442,124
DA:452,0
DA:455,0
DA:456,0
DA:458,0
DA:460,0
DA:463,0
DA:464,0
DA:466,0
DA:468,102
DA:471,102
DA:472,0
DA:474,204
DA:477,24
DA:479,72
DA:482,0
DA:485,0
DA:488,44
DA:489,88
DA:492,0
DA:496,0
DA:499,4
DA:501,8
DA:504,4
DA:506,8
DA:509,2
DA:511,4
LF:165
LH:136
end_of_record
TN:
SF:/qulacs-osaka/src/cppsim/gate_named.hpp
FN:28,_ZN20QuantumGate_OneQubit20update_quantum_stateEP16QuantumStateBase
FN:53,_ZNK20QuantumGate_OneQubit4copyEv
FN:61,_ZNK20QuantumGate_OneQubit10set_matrixERN5Eigen6MatrixISt7complexIdELin1ELin1ELi1ELin1ELin1EEE
FN:86,_ZN20QuantumGate_TwoQubit20update_quantum_stateEP16QuantumStateBase
FN:114,_ZNK20QuantumGate_TwoQubit4copyEv
FN:122,_ZNK20QuantumGate_TwoQubit10set_matrixERN5Eigen6MatrixISt7complexIdELin1ELin1ELi1ELin1ELin1EEE
FN:148,_ZN31QuantumGate_OneControlOneTarget20update_quantum_stateEP16QuantumStateBase
FN:176,_ZNK31QuantumGate_OneControlOneTarget4copyEv
FN:184,_ZNK31QuantumGate_OneControlOneTarget10set_matrixERN5Eigen6MatrixISt7complexIdELin1ELin1ELi1ELin1ELin1EEE
FN:210,_ZN28QuantumGate_OneQubitRotation20update_quantum_stateEP16QuantumStateBase
FN:235,_ZNK28QuantumGate_OneQubitRotation4copyEv
FN:243,_ZNK28QuantumGate_OneQubitRotation10set_matrixERN5Eigen6MatrixISt7complexIdELin1ELin1ELi1ELin1ELin1EEE
FNDA:300,_ZNK28QuantumGate_OneQubitRotation10set_matrixERN5Eigen6MatrixISt7complexIdELin1ELin1ELi1ELin1ELin1EEE
FNDA:4136,_ZNK20QuantumGate_OneQubit10set_matrixERN5Eigen6MatrixISt7complexIdELin1ELin1ELi1ELin1ELin1EEE
FNDA:34776,_ZN31QuantumGate_OneControlOneTarget20update_quantum_stateEP16QuantumStateBase
FNDA:2762,_ZN20QuantumGate_OneQubit20update_quantum_stateEP16QuantumStateBase
FNDA:306,_ZN28QuantumGate_OneQubitRotation20update_quantum_stateEP16QuantumStateBase
FNDA:368,_ZNK20QuantumGate_TwoQubit10set_matrixERN5Eigen6MatrixISt7complexIdELin1ELin1ELi1ELin1ELin1EEE
FNDA:1800,_ZNK31QuantumGate_OneControlOneTarget10set_matrixERN5Eigen6MatrixISt7complexIdELin1ELin1ELi1ELin1ELin1EEE
FNDA:10770,_ZNK31QuantumGate_OneControlOneTarget4copyEv
FNDA:0,_ZNK28QuantumGate_OneQubitRotation4copyEv
FNDA:237,_ZNK20QuantumGate_TwoQubit4copyEv
FNDA:2303,_ZNK20QuantumGate_OneQubit4copyEv
FNDA:206,_ZN20QuantumGate_TwoQubit20update_quantum_stateEP16QuantumStateBase
FNF:12
FNH:11
DA:20,2281
DA:28,2762
DA:29,2762
DA:40,2444
DA:41,2444
DA:44,318
DA:45,318
DA:47,2762
DA:53,2303
DA:54,2303
DA:61,4136
DA:62,4136
DA:63,4136
DA:78,125
DA:86,206
DA:87,206
DA:99,372
DA:100,186
DA:101,186
DA:104,40
DA:105,20
DA:106,20
DA:108,206
DA:114,237
DA:115,237
DA:122,368
DA:123,368
DA:124,368
DA:140,976
DA:148,34776
DA:149,34776
DA:161,69472
DA:162,34736
DA:163,34736
DA:166,80
DA:167,40
DA:168,40
DA:170,34776
DA:176,10770
DA:177,10770
DA:184,1800
DA:185,1800
DA:186,1800
DA:202,306
DA:210,306
DA:211,306
DA:222,246
DA:223,246
DA:226,60
DA:227,60
DA:229,306
DA:235,0
DA:236,0
DA:243,300
DA:244,300
DA:245,300
LF:56
LH:54
end_of_record
TN:
SF:/qulacs-osaka/src/cppsim/gate_named_one.hpp
FN:17,_ZN8ClsIGate6idlingEjPSt7complexIdEy
FN:18,_ZN8ClsIGate10idling_gpuEjPvyS0_j
FN:26,_ZN8ClsIGateC2Ej
FN:49,_ZN8ClsXGateC2Ej
FN:74,_ZN8ClsYGateC2Ej
FN:99,_ZN8ClsZGateC2Ej
FN:124,_ZN8ClsHGateC2Ej
FN:150,_ZN8ClsSGateC2Ej
FN:175,_ZN11ClsSdagGateC2Ej
FN:200,_ZN8ClsTGateC2Ej
FN:225,_ZN11ClsTdagGateC2Ej
FN:250,_ZN12ClsSqrtXGateC2Ej
FN:275,_ZN15ClsSqrtXdagGateC2Ej
FN:300,_ZN12ClsSqrtYGateC2Ej
FN:326,_ZN15ClsSqrtYdagGateC2Ej
FN:352,_ZN9ClsP0GateC2Ej
FN:377,_ZN9ClsP1GateC2Ej
FN:403,_ZN9ClsRXGateC2Ejd
FN:430,_ZN9ClsRYGateC2Ejd
FN:457,_ZN9ClsRZGateC2Ejd
FNDA:42,_ZN11ClsTdagGateC2Ej
FNDA:279,_ZN8ClsTGateC2Ej
FNDA:82,_ZN9ClsP0GateC2Ej
FNDA:102,_ZN9ClsRYGateC2Ejd
FNDA:122,_ZN9ClsRXGateC2Ejd
FNDA:82,_ZN9ClsP1GateC2Ej
FNDA:126,_ZN8ClsYGateC2Ej
FNDA:170,_ZN8ClsXGateC2Ej
FNDA:254,_ZN12ClsSqrtXGateC2Ej
FNDA:42,_ZN8ClsSGateC2Ej
FNDA:94,_ZN8ClsIGate6idlingEjPSt7complexIdEy
FNDA:252,_ZN8ClsIGateC2Ej
FNDA:82,_ZN9ClsRZGateC2Ejd
FNDA:42,_ZN15ClsSqrtYdagGateC2Ej
FNDA:42,_ZN11ClsSdagGateC2Ej
FNDA:232,_ZN12ClsSqrtYGateC2Ej
FNDA:0,_ZN8ClsIGate10idling_gpuEjPvyS0_j
FNDA:44,_ZN15ClsSqrtXdagGateC2Ej
FNDA:486,_ZN8ClsHGateC2Ej
FNDA:106,_ZN8ClsZGateC2Ej
FNF:20
FNH:19
DA:17,94
DA:18,0
DA:26,252
DA:27,252
DA:28,252
DA:29,252
DA:30,252
DA:31,252
DA:33,252
DA:34,252
DA:35,504
DA:36,252
DA:49,170
DA:50,170
DA:51,170
DA:55,170
DA:56,170
DA:57,170
DA:58,170
DA:59,170
DA:60,340
DA:61,170
DA:74,126
DA:75,126
DA:76,126
DA:80,126
DA:81,126
DA:82,126
DA:83,126
DA:84,126
DA:85,252
DA:86,126
DA:99,106
DA:100,106
DA:101,106
DA:105,106
DA:106,106
DA:107,106
DA:108,106
DA:109,106
DA:110,212
DA:111,106
DA:124,486
DA:125,486
DA:126,486
DA:130,486
DA:131,486
DA:132,486
DA:133,486
DA:134,486
DA:135,972
DA:136,486
DA:137,486
DA:150,42
DA:151,42
DA:152,42
DA:156,42
DA:157,42
DA:158,42
DA:159,42
DA:160,0
DA:161,84
DA:162,42
DA:175,42
DA:176,42
DA:177,42
DA:181,42
DA:182,42
DA:183,42
DA:184,42
DA:185,42
DA:186,42
DA:187,42
DA:200,279
DA:201,279
DA:202,279
DA:206,279
DA:207,279
DA:208,279
DA:209,279
DA:210,279
DA:211,558
DA:212,279
DA:225,42
DA:226,42
DA:227,42
DA:231,42
DA:232,42
DA:233,42
DA:234,42
DA:235,42
DA:236,84
DA:237,42
DA:250,254
DA:251,254
DA:252,254
DA:256,254
DA:257,254
DA:258,254
DA:259,254
DA:260,254
DA:261,508
DA:262,254
DA:275,44
DA:276,44
DA:277,44
DA:281,44
DA:282,44
DA:283,44
DA:284,44
DA:285,44
DA:286,88
DA:287,44
DA:300,232
DA:301,232
DA:302,232
DA:306,232
DA:307,232
DA:308,232
DA:309,232
DA:310,232
DA:311,232
DA:312,464
DA:313,232
DA:326,42
DA:327,42
DA:328,42
DA:332,42
DA:333,42
DA:334,42
DA:335,42
DA:336,42
DA:337,42
DA:338,84
DA:339,42
DA:352,82
DA:353,82
DA:354,82
DA:358,82
DA:359,82
DA:360,82
DA:361,82
DA:362,82
DA:363,164
DA:364,82
DA:377,82
DA:378,82
DA:379,82
DA:383,82
DA:384,82
DA:385,82
DA:386,82
DA:387,82
DA:388,164
DA:389,82
DA:403,122
DA:404,122
DA:405,122
DA:406,122
DA:410,122
DA:411,122
DA:412,122
DA:413,0
DA:414,122
DA:415,244
DA:416,122
DA:430,102
DA:431,102
DA:432,102
DA:433,102
DA:437,102
DA:438,102
DA:439,102
DA:440,0
DA:441,102
DA:442,204
DA:443,102
DA:457,82
DA:458,82
DA:459,82
DA:460,82
DA:464,82
DA:465,82
DA:466,82
DA:467,0
DA:468,82
DA:469,164
DA:470,82
LF:188
LH:183
end_of_record
TN:
SF:/qulacs-osaka/src/cppsim/gate_named_pauli.hpp
FN:27,_ZN12ClsPauliGateC2EP13PauliOperator
FN:47,_ZN12ClsPauliGateD0Ev
FN:47,_ZN12ClsPauliGateD2Ev
FN:53,_ZN12ClsPauliGate20update_quantum_stateEP16QuantumStateBase
FN:86,_ZNK12ClsPauliGate4copyEv
FN:95,_ZNK12ClsPauliGate10set_matrixERN5Eigen6MatrixISt7complexIdELin1ELin1ELi1ELin1ELin1EEE
FN:116,_ZN20ClsPauliRotationGateC2EdP13PauliOperator
FN:136,_ZN20ClsPauliRotationGateD0Ev
FN:136,_ZN20ClsPauliRotationGateD2Ev
FN:142,_ZN20ClsPauliRotationGate20update_quantum_stateEP16QuantumStateBase
FN:176,_ZNK20ClsPauliRotationGate4copyEv
FN:185,_ZNK20ClsPauliRotationGate10set_matrixERN5Eigen6MatrixISt7complexIdELin1ELin1ELi1ELin1ELin1EEE
FNDA:2,_ZN12ClsPauliGateD0Ev
FNDA:1210,_ZN20ClsPauliRotationGate20update_quantum_stateEP16QuantumStateBase
FNDA:580,_ZN20ClsPauliRotationGateD0Ev
FNDA:0,_ZNK12ClsPauliGate4copyEv
FNDA:0,_ZNK20ClsPauliRotationGate4copyEv
FNDA:80,_ZNK12ClsPauliGate10set_matrixERN5Eigen6MatrixISt7complexIdELin1ELin1ELi1ELin1ELin1EEE
FNDA:102,_ZN12ClsPauliGateC2EP13PauliOperator
FNDA:40,_ZN12ClsPauliGate20update_quantum_stateEP16QuantumStateBase
FNDA:580,_ZN20ClsPauliRotationGateD2Ev
FNDA:620,_ZN20ClsPauliRotationGateC2EdP13PauliOperator
FNDA:20,_ZNK20ClsPauliRotationGate10set_matrixERN5Eigen6MatrixISt7complexIdELin1ELin1ELi1ELin1ELin1EEE
FNDA:2,_ZN12ClsPauliGateD2Ev
FNF:12
FNH:10
DA:27,102
DA:28,102
DA:29,102
DA:30,102
DA:31,102
DA:32,336
DA:34,234
DA:36,177
DA:38,127
DA:40,234
DA:43,102
DA:47,4
DA:53,40
DA:54,40
DA:55,40
DA:56,40
DA:71,20
DA:72,20
DA:73,20
DA:76,20
DA:77,20
DA:78,20
DA:80,40
DA:86,0
DA:87,0
DA:95,80
DA:96,80
DA:97,80
DA:116,620
DA:117,620
DA:118,620
DA:119,620
DA:120,620
DA:121,1700
DA:123,1080
DA:125,769
DA:127,559
DA:129,1080
DA:132,620
DA:136,1160
DA:142,1210
DA:143,1210
DA:144,1210
DA:145,1210
DA:159,2380
DA:160,1190
DA:161,1190
DA:162,1190
DA:165,40
DA:166,20
DA:167,20
DA:168,20
DA:170,1210
DA:176,0
DA:177,0
DA:185,20
DA:186,20
DA:187,20
DA:188,20
DA:189,20
DA:190,20
LF:61
LH:57
end_of_record
TN:
SF:/qulacs-osaka/src/cppsim/gate_named_two.hpp
FN:19,_ZN11ClsCNOTGateC2Ejj
FN:47,_ZN9ClsCZGateC2Ejj
FN:75,_ZN11ClsSWAPGateC2Ejj
FNDA:125,_ZN11ClsSWAPGateC2Ejj
FNDA:709,_ZN11ClsCNOTGateC2Ejj
FNDA:267,_ZN9ClsCZGateC2Ejj
FNF:3
FNH:3
DA:19,709
DA:20,709
DA:21,709
DA:25,709
DA:26,709
DA:27,709
DA:28,709
DA:29,709
DA:30,709
DA:31,709
DA:32,1418
DA:33,709
DA:47,267
DA:48,267
DA:49,267
DA:53,267
DA:54,267
DA:55,267
DA:56,267
DA:57,267
DA:58,267
DA:59,267
DA:60,534
DA:61,267
DA:75,125
DA:76,125
DA:77,125
DA:81,125
DA:82,125
DA:83,125
DA:85,125
DA:86,125
DA:87,125
DA:88,250
DA:89,125
LF:35
LH:35
end_of_record
TN:
SF:/qulacs-osaka/src/cppsim/gate_noisy_evolution.hpp
FN:31,_ZN17ClsNoisyEvolution14_find_collapseEP16QuantumStateBaseS1_S1_S1_S1_S1_ddb
FN:130,_ZN17ClsNoisyEvolution23_find_collapse_originalEP16QuantumStateBaseS1_S1_S1_S1_S1_dd
FN:169,_ZN17ClsNoisyEvolution16_evolve_one_stepEP16QuantumStateBaseS1_S1_S1_S1_S1_d
FN:202,_ZN17ClsNoisyEvolutionC2EP24HermitianQuantumOperatorSt6vectorIP22GeneralQuantumOperatorSaIS4_EEdd
FN:218,_ZN17ClsNoisyEvolutionD0Ev
FN:218,_ZN17ClsNoisyEvolutionD2Ev
FN:232,_ZNK17ClsNoisyEvolution10set_matrixERN5Eigen6MatrixISt7complexIdELin1ELin1ELi1ELin1ELin1EEE
FN:245,_ZN17ClsNoisyEvolution8set_seedEi
FN:247,_ZNK17ClsNoisyEvolution4copyEv
FN:254,_ZNK17ClsNoisyEvolution25get_effective_hamiltonianEv
FN:263,_ZN17ClsNoisyEvolution27set_find_collapse_max_stepsEi
FN:272,_ZN17ClsNoisyEvolution20update_quantum_stateEP16QuantumStateBase
FNDA:54874,_ZN17ClsNoisyEvolution16_evolve_one_stepEP16QuantumStateBaseS1_S1_S1_S1_S1_d
FNDA:18,_ZN17ClsNoisyEvolutionD2Ev
FNDA:0,_ZNK17ClsNoisyEvolution10set_matrixERN5Eigen6MatrixISt7complexIdELin1ELin1ELi1ELin1ELin1EEE
FNDA:20,_ZN17ClsNoisyEvolutionC2EP24HermitianQuantumOperatorSt6vectorIP22GeneralQuantumOperatorSaIS4_EEdd
FNDA:0,_ZNK17ClsNoisyEvolution4copyEv
FNDA:0,_ZNK17ClsNoisyEvolution25get_effective_hamiltonianEv
FNDA:2430,_ZN17ClsNoisyEvolution20update_quantum_stateEP16QuantumStateBase
FNDA:0,_ZN17ClsNoisyEvolution8set_seedEi
FNDA:18,_ZN17ClsNoisyEvolutionD0Ev
FNDA:0,_ZN17ClsNoisyEvolution23_find_collapse_originalEP16QuantumStateBaseS1_S1_S1_S1_S1_dd
FNDA:0,_ZN17ClsNoisyEvolution27set_find_collapse_max_stepsEi
FNDA:881,_ZN17ClsNoisyEvolution14_find_collapseEP16QuantumStateBaseS1_S1_S1_S1_S1_ddb
FNF:12
FNH:6
DA:31,881
DA:35,881
DA:36,0
DA:37,0
DA:39,881
DA:40,881
DA:47,881
DA:48,0
DA:49,0
DA:51,881
DA:54,881
DA:56,0
DA:58,881
DA:60,0
DA:63,881
DA:64,881
DA:65,881
DA:66,881
DA:67,881
DA:68,881
DA:73,1551
DA:75,1551
DA:76,1551
DA:77,1551
DA:80,0
DA:84,1551
DA:85,1551
DA:87,1551
DA:88,1551
DA:89,881
DA:90,881
DA:91,881
DA:92,881
DA:94,881
DA:95,670
DA:96,284
DA:98,284
DA:99,284
DA:101,386
DA:103,386
DA:104,386
DA:107,670
DA:112,670
DA:115,0
DA:130,0
DA:134,0
DA:135,0
DA:138,0
DA:141,0
DA:145,0
DA:147,0
DA:148,0
DA:149,0
DA:151,0
DA:156,0
DA:159,0
DA:162,0
DA:169,54874
DA:174,54874
DA:177,54874
DA:178,54874
DA:179,54874
DA:182,54874
DA:183,54874
DA:184,54874
DA:187,54874
DA:188,54874
DA:189,54874
DA:192,54874
DA:195,54874
DA:196,54874
DA:197,54874
DA:198,54874
DA:199,54874
DA:202,20
DA:204,20
DA:205,20
DA:206,58
DA:207,38
DA:208,38
DA:210,20
DA:211,58
DA:212,76
DA:213,38
DA:215,20
DA:216,20
DA:217,20
DA:218,36
DA:219,18
DA:220,18
DA:221,52
DA:222,34
DA:223,34
DA:225,36
DA:232,0
DA:233,0
DA:236,0
DA:237,0
DA:245,0
DA:247,0
DA:248,0
DA:254,0
DA:255,0
DA:263,0
DA:264,0
DA:265,0
DA:272,2430
DA:273,2430
DA:275,2430
DA:277,2430
DA:278,2430
DA:279,2430
DA:280,2430
DA:281,2430
DA:284,55753
DA:285,55753
DA:288,53323
DA:289,53323
DA:290,2440
DA:292,53323
DA:294,53323
DA:295,53323
DA:299,881
DA:303,3247
DA:304,2366
DA:305,2366
DA:306,2366
DA:311,881
DA:317,881
DA:318,881
DA:319,881
DA:322,881
DA:327,52442
DA:332,2430
DA:333,2430
DA:334,2430
DA:335,2430
DA:336,2430
DA:337,2430
DA:338,2430
DA:339,2430
LF:141
LH:108
end_of_record
TN:
SF:/qulacs-osaka/src/cppsim/gate_reflect.hpp
FN:25,_ZN22ClsStateReflectionGateC2EPK16QuantumStateBase
FN:33,_ZN22ClsStateReflectionGateD2Ev
FN:33,_ZN22ClsStateReflectionGateD0Ev
FN:40,_ZN22ClsStateReflectionGate20update_quantum_stateEP16QuantumStateBase
FN:74,_ZNK22ClsStateReflectionGate4copyEv
FN:82,_ZNK22ClsStateReflectionGate10set_matrixERN5Eigen6MatrixISt7complexIdELin1ELin1ELi1ELin1ELin1EEE
FNDA:0,_ZNK22ClsStateReflectionGate10set_matrixERN5Eigen6MatrixISt7complexIdELin1ELin1ELi1ELin1ELin1EEE
FNDA:0,_ZN22ClsStateReflectionGateD2Ev
FNDA:0,_ZNK22ClsStateReflectionGate4copyEv
FNDA:0,_ZN22ClsStateReflectionGateD0Ev
FNDA:0,_ZN22ClsStateReflectionGateC2EPK16QuantumStateBase
FNDA:0,_ZN22ClsStateReflectionGate20update_quantum_stateEP16QuantumStateBase
FNF:6
FNH:0
DA:25,0
DA:26,0
DA:27,0
DA:28,0
DA:29,0
DA:31,0
DA:32,0
DA:33,0
DA:40,0
DA:41,0
DA:61,0
DA:62,0
DA:65,0
DA:67,0
DA:74,0
DA:75,0
DA:82,0
DA:84,0
LF:18
LH:0
end_of_record
TN:
SF:/qulacs-osaka/src/cppsim/gate_reversible.hpp
FN:24,_ZN24ClsReversibleBooleanGateC2ESt6vectorIjSaIjEESt8functionIFyyyEE
FN:38,_ZN24ClsReversibleBooleanGate20update_quantum_stateEP16QuantumStateBase
FN:70,_ZNK24ClsReversibleBooleanGate4copyEv
FN:78,_ZNK24ClsReversibleBooleanGate10set_matrixERN5Eigen6MatrixISt7complexIdELin1ELin1ELi1ELin1ELin1EEE
FNDA:2,_ZNK24ClsReversibleBooleanGate10set_matrixERN5Eigen6MatrixISt7complexIdELin1ELin1ELi1ELin1ELin1EEE
FNDA:0,_ZNK24ClsReversibleBooleanGate4copyEv
FNDA:4,_ZN24ClsReversibleBooleanGateC2ESt6vectorIjSaIjEESt8functionIFyyyEE
FNDA:8,_ZN24ClsReversibleBooleanGate20update_quantum_stateEP16QuantumStateBase
FNF:4
FNH:3
DA:24,4
DA:26,4
DA:27,12
DA:28,8
DA:30,4
DA:31,4
DA:38,8
DA:42,8
DA:43,8
DA:56,16
DA:57,8
DA:58,8
DA:61,0
DA:63,8
DA:70,0
DA:71,0
DA:78,2
DA:79,2
DA:80,2
DA:81,10
DA:82,8
DA:83,8
DA:85,2
LF:23
LH:20
end_of_record
TN:
SF:/qulacs-osaka/src/cppsim/general_quantum_operator.cpp
FN:22,_ZN22GeneralQuantumOperatorC2Ej
FN:25,_ZN22GeneralQuantumOperatorD0Ev
FN:25,_ZN22GeneralQuantumOperatorD2Ev
FN:31,_ZN22GeneralQuantumOperator12add_operatorEPK13PauliOperator
FN:45,_ZN22GeneralQuantumOperator12add_operatorESt7complexIdENSt7__cxx1112basic_stringIcSt11char_traitsIcESaIcEEE
FN:62,_ZNK22GeneralQuantumOperator21get_expectation_valueEPK16QuantumStateBase
FN:95,_ZNK22GeneralQuantumOperator35get_expectation_value_single_threadEPK16QuantumStateBase
FN:112,_ZNK22GeneralQuantumOperator24get_transition_amplitudeEPK16QuantumStateBaseS2_
FN:131,_ZN22GeneralQuantumOperator19add_random_operatorEj
FN:150,_ZN22GeneralQuantumOperator19add_random_operatorEjj
FN:157,_ZNK22GeneralQuantumOperator47solve_ground_state_eigenvalue_by_arnoldi_methodEP16QuantumStateBasejSt7complexIdE
FN:245,_ZNK22GeneralQuantumOperator45solve_ground_state_eigenvalue_by_power_methodEP16QuantumStateBasejSt7complexIdE
FN:282,_ZNK22GeneralQuantumOperator14apply_to_stateEP16QuantumStateBaseRKS0_S1_
FN:302,_ZNK22GeneralQuantumOperator14apply_to_stateEP16QuantumStateBaseS1_
FN:322,_ZNK22GeneralQuantumOperator28apply_to_state_single_threadEP16QuantumStateBaseS1_
FN:342,_ZNK22GeneralQuantumOperator21_apply_pauli_to_stateESt6vectorIjSaIjEES2_P16QuantumStateBase
FN:368,_ZNK22GeneralQuantumOperator35_apply_pauli_to_state_single_threadESt6vectorIjSaIjEES2_P16QuantumStateBase
FN:394,_ZNK22GeneralQuantumOperator20calculate_default_muEv
FN:404,_ZNK22GeneralQuantumOperator4copyEv
FN:412,_ZNK22GeneralQuantumOperator10get_daggerEv
FN:421,_ZNK22GeneralQuantumOperatorplERKS_
FN:428,_ZNK22GeneralQuantumOperatorplERK13PauliOperator
FN:435,_ZN22GeneralQuantumOperatorpLERKS_
FN:488,_ZN22GeneralQuantumOperatorpLERK13PauliOperator
FN:518,_ZNK22GeneralQuantumOperatormiERKS_
FN:525,_ZNK22GeneralQuantumOperatormiERK13PauliOperator
FN:532,_ZN22GeneralQuantumOperatormIERKS_
FN:587,_ZN22GeneralQuantumOperatormIERK13PauliOperator
FN:617,_ZNK22GeneralQuantumOperatormlERKS_
FN:624,_ZNK22GeneralQuantumOperatormlERK13PauliOperator
FN:630,_ZNK22GeneralQuantumOperatormlESt7complexIdE
FN:637,_ZN22GeneralQuantumOperatormLERKS_
FN:658,_ZN22GeneralQuantumOperatormLERK13PauliOperator
FN:674,_ZN22GeneralQuantumOperatormLESt7complexIdE
FN:683,_ZN16quantum_operator53create_general_quantum_operator_from_openfermion_fileENSt7__cxx1112basic_stringIcSt11char_traitsIcESaIcEEE
FN:730,_ZN16quantum_operator53create_general_quantum_operator_from_openfermion_textENSt7__cxx1112basic_stringIcSt11char_traitsIcESaIcEEE
FN:770,_ZN16quantum_operator37create_split_general_quantum_operatorENSt7__cxx1112basic_stringIcSt11char_traitsIcESaIcEEE
FN:832,_Z20check_Pauli_operatorPK22GeneralQuantumOperatorPK13PauliOperator
FN:842,_ZNK22GeneralQuantumOperator9to_stringB5cxx11Ev
FNDA:0,_ZN22GeneralQuantumOperator19add_random_operatorEjj
FNDA:80,_ZNK22GeneralQuantumOperator20calculate_default_muEv
FNDA:958950,_ZNK22GeneralQuantumOperator35_apply_pauli_to_state_single_threadESt6vectorIjSaIjEES2_P16QuantumStateBase
FNDA:0,_ZNK22GeneralQuantumOperatormiERK13PauliOperator
FNDA:15484,_ZNK22GeneralQuantumOperator14apply_to_stateEP16QuantumStateBaseRKS0_S1_
FNDA:4,_ZNK22GeneralQuantumOperator9to_stringB5cxx11Ev
FNDA:0,_ZN16quantum_operator53create_general_quantum_operator_from_openfermion_textENSt7__cxx1112basic_stringIcSt11char_traitsIcESaIcEEE
FNDA:38,_ZNK22GeneralQuantumOperatormlERKS_
FNDA:0,_ZN16quantum_operator37create_split_general_quantum_operatorENSt7__cxx1112basic_stringIcSt11char_traitsIcESaIcEEE
FNDA:348,_ZN22GeneralQuantumOperatorD2Ev
FNDA:40,_ZNK22GeneralQuantumOperator47solve_ground_state_eigenvalue_by_arnoldi_methodEP16QuantumStateBasejSt7complexIdE
FNDA:222743,_ZNK22GeneralQuantumOperator28apply_to_state_single_threadEP16QuantumStateBaseS1_
FNDA:0,_ZN16quantum_operator53create_general_quantum_operator_from_openfermion_fileENSt7__cxx1112basic_stringIcSt11char_traitsIcESaIcEEE
FNDA:72560,_ZNK22GeneralQuantumOperator21get_expectation_valueEPK16QuantumStateBase
FNDA:0,_ZNK22GeneralQuantumOperatorplERKS_
FNDA:62,_ZN22GeneralQuantumOperatorpLERK13PauliOperator
FNDA:194,_ZNK22GeneralQuantumOperator4copyEv
FNDA:0,_ZNK22GeneralQuantumOperatorplERK13PauliOperator
FNDA:1712,_Z20check_Pauli_operatorPK22GeneralQuantumOperatorPK13PauliOperator
FNDA:0,_ZN22GeneralQuantumOperatormLERK13PauliOperator
FNDA:97610,_ZNK22GeneralQuantumOperator21_apply_pauli_to_stateESt6vectorIjSaIjEES2_P16QuantumStateBase
FNDA:0,_ZNK22GeneralQuantumOperatormlERK13PauliOperator
FNDA:80,_ZN22GeneralQuantumOperator19add_random_operatorEj
FNDA:38,_ZN22GeneralQuantumOperatormLERKS_
FNDA:398,_ZN22GeneralQuantumOperator12add_operatorESt7complexIdENSt7__cxx1112basic_stringIcSt11char_traitsIcESaIcEEE
FNDA:40,_ZNK22GeneralQuantumOperator10get_daggerEv
FNDA:20,_ZNK22GeneralQuantumOperator45solve_ground_state_eigenvalue_by_power_methodEP16QuantumStateBasejSt7complexIdE
FNDA:780,_ZN22GeneralQuantumOperatorC2Ej
FNDA:86,_ZN22GeneralQuantumOperatorD0Ev
FNDA:1314,_ZN22GeneralQuantumOperator12add_operatorEPK13PauliOperator
FNDA:0,_ZNK22GeneralQuantumOperator35get_expectation_value_single_threadEPK16QuantumStateBase
FNDA:0,_ZN22GeneralQuantumOperatormIERK13PauliOperator
FNDA:0,_ZN22GeneralQuantumOperatormIERKS_
FNDA:38,_ZNK22GeneralQuantumOperatormlESt7complexIdE
FNDA:0,_ZNK22GeneralQuantumOperator24get_transition_amplitudeEPK16QuantumStateBaseS2_
FNDA:38,_ZN22GeneralQuantumOperatorpLERKS_
FNDA:38,_ZN22GeneralQuantumOperatormLESt7complexIdE
FNDA:0,_ZNK22GeneralQuantumOperatormiERKS_
FNDA:2,_ZNK22GeneralQuantumOperator14apply_to_stateEP16QuantumStateBaseS1_
FNF:39
FNH:25
DA:22,780
DA:23,780
DA:25,434
DA:26,1408
DA:27,1060
DA:29,434
DA:31,1314
DA:32,1314
DA:33,1314
DA:37,0
DA:39,1314
DA:40,36
DA:42,1314
DA:43,1314
DA:45,398
DA:47,398
DA:48,398
DA:53,0
DA:55,398
DA:56,16
DA:58,398
DA:59,398
DA:60,398
DA:62,72560
DA:64,72560
DA:67,0
DA:70,72560
DA:71,145120
DA:73,0
DA:74,0
DA:76,0
DA:83,72560
DA:92,72560
DA:95,0
DA:97,0
DA:102,0
DA:107,0
DA:108,0
DA:109,0
DA:112,0
DA:115,0
DA:116,0
DA:120,0
DA:126,0
DA:127,0
DA:128,0
DA:131,80
DA:132,80
DA:133,588
DA:135,508
DA:136,508
DA:137,2593
DA:138,2085
DA:139,2085
DA:140,2085
DA:143,508
DA:145,1016
DA:146,508
DA:148,80
DA:150,0
DA:152,0
DA:153,0
DA:154,0
DA:157,40
DA:159,40
DA:165,0
DA:170,40
DA:171,80
DA:172,80
DA:173,80
DA:174,80
DA:178,40
DA:179,40
DA:180,40
DA:185,40
DA:191,80
DA:192,2640
DA:193,2600
DA:194,2600
DA:195,2600
DA:196,2600
DA:198,88900
DA:200,86300
DA:201,86300
DA:202,86300
DA:203,86300
DA:204,86300
DA:207,2600
DA:208,2600
DA:209,2560
DA:211,2600
DA:212,2600
DA:215,80
DA:221,40
DA:222,2640
DA:223,2600
DA:225,1506
DA:231,2640
DA:232,2600
DA:233,2600
DA:234,2600
DA:236,40
DA:239,2680
DA:240,2640
DA:242,40
DA:245,20
DA:247,20
DA:253,0
DA:259,20
DA:265,40
DA:267,40
DA:268,20
DA:269,10020
DA:270,10000
DA:271,10000
DA:274,10000
DA:275,10000
DA:276,10000
DA:277,10000
DA:279,40
DA:282,15484
DA:285,15484
DA:288,0
DA:291,15484
DA:292,15484
DA:293,113090
DA:294,97606
DA:295,97606
DA:296,97606
DA:297,195212
DA:298,97606
DA:300,15484
DA:302,2
DA:304,2
DA:307,0
DA:310,2
DA:311,2
DA:312,4
DA:313,2
DA:314,2
DA:315,4
DA:316,2
DA:317,2
DA:318,4
DA:320,2
DA:322,222743
DA:324,222743
DA:327,0
DA:330,222743
DA:331,222743
DA:332,702218
DA:333,479475
DA:334,479475
DA:335,958950
DA:336,479475
DA:337,479475
DA:338,1218930
DA:340,222743
DA:342,97610
DA:346,97610
DA:358,97610
DA:359,97610
DA:360,97610
DA:362,0
DA:363,0
DA:364,0
DA:366,97610
DA:368,958950
DA:372,958950
DA:385,1917900
DA:386,958950
DA:387,958950
DA:390,0
DA:392,958950
DA:394,80
DA:396,80
DA:397,608
DA:398,528
DA:399,528
DA:401,80
DA:404,194
DA:405,194
DA:406,422
DA:407,228
DA:409,194
DA:412,40
DA:413,40
DA:414,88
DA:415,48
DA:416,96
DA:418,40
DA:421,0
DA:423,0
DA:424,0
DA:425,0
DA:428,0
DA:430,0
DA:431,0
DA:432,0
DA:435,38
DA:438,38
DA:440,104
DA:441,66
DA:442,158
DA:443,92
DA:444,92
DA:445,92
DA:446,92
DA:447,92
DA:448,92
DA:449,66
DA:450,66
DA:451,66
DA:452,66
DA:453,66
DA:456,22
DA:457,44
DA:461,84
DA:462,46
DA:464,138
DA:465,92
DA:466,92
DA:467,92
DA:468,92
DA:469,92
DA:470,92
DA:471,66
DA:472,66
DA:473,66
DA:474,66
DA:475,66
DA:481,46
DA:482,24
DA:485,38
DA:488,62
DA:493,102
DA:494,40
DA:495,40
DA:496,40
DA:497,40
DA:498,40
DA:499,40
DA:500,24
DA:501,24
DA:502,24
DA:503,24
DA:504,24
DA:507,32
DA:508,32
DA:512,62
DA:513,46
DA:515,62
DA:518,0
DA:520,0
DA:521,0
DA:522,0
DA:525,0
DA:527,0
DA:528,0
DA:529,0
DA:532,0
DA:535,0
DA:537,0
DA:538,0
DA:539,0
DA:540,0
DA:541,0
DA:542,0
DA:543,0
DA:544,0
DA:545,0
DA:546,0
DA:547,0
DA:548,0
DA:549,0
DA:550,0
DA:553,0
DA:554,0
DA:558,0
DA:559,0
DA:561,0
DA:562,0
DA:563,0
DA:564,0
DA:565,0
DA:566,0
DA:567,0
DA:568,0
DA:569,0
DA:570,0
DA:571,0
DA:572,0
DA:578,0
DA:579,0
DA:580,0
DA:581,0
DA:584,0
DA:587,0
DA:591,0
DA:592,0
DA:593,0
DA:594,0
DA:595,0
DA:596,0
DA:597,0
DA:598,0
DA:599,0
DA:600,0
DA:601,0
DA:602,0
DA:605,0
DA:606,0
DA:610,0
DA:611,0
DA:612,0
DA:613,0
DA:615,0
DA:617,38
DA:619,38
DA:620,38
DA:621,38
DA:624,0
DA:626,0
DA:627,0
DA:628,0
DA:630,38
DA:632,38
DA:633,38
DA:634,38
DA:637,38
DA:639,38
DA:641,38
DA:642,38
DA:645,84
DA:646,46
DA:647,108
DA:648,62
DA:649,62
DA:650,62
DA:651,62
DA:652,62
DA:655,38
DA:658,0
DA:660,0
DA:663,0
DA:665,0
DA:666,0
DA:667,0
DA:668,0
DA:669,0
DA:671,0
DA:674,38
DA:677,84
DA:678,46
DA:680,38
DA:683,0
DA:687,0
DA:691,0
DA:693,0
DA:695,0
DA:697,0
DA:699,0
DA:700,0
DA:701,0
DA:705,0
DA:706,0
DA:707,0
DA:709,0
DA:710,0
DA:714,0
DA:715,0
DA:717,0
DA:720,0
DA:722,0
DA:723,0
DA:724,0
DA:727,0
DA:730,0
DA:734,0
DA:737,0
DA:739,0
DA:740,0
DA:741,0
DA:743,0
DA:744,0
DA:745,0
DA:749,0
DA:750,0
DA:751,0
DA:753,0
DA:754,0
DA:759,0
DA:761,0
DA:762,0
DA:763,0
DA:766,0
DA:770,0
DA:773,0
DA:775,0
DA:776,0
DA:778,0
DA:779,0
DA:784,0
DA:787,0
DA:789,0
DA:790,0
DA:791,0
DA:793,0
DA:797,0
DA:798,0
DA:799,0
DA:801,0
DA:802,0
DA:806,0
DA:807,0
DA:809,0
DA:812,0
DA:814,0
DA:816,0
DA:817,0
DA:818,0
DA:819,0
DA:820,0
DA:822,0
DA:823,0
DA:828,0
DA:832,1712
DA:834,1712
DA:835,1712
DA:836,1712
DA:837,1600
DA:839,3312
DA:842,4
DA:843,8
DA:844,4
DA:845,10
DA:846,6
DA:847,6
DA:848,6
DA:849,2
DA:852,4
LF:441
LH:252
end_of_record
TN:
SF:/qulacs-osaka/src/cppsim/general_quantum_operator.hpp
FN:68,_ZNK22GeneralQuantumOperator12is_hermitianEv
FN:93,_ZNK22GeneralQuantumOperator15get_qubit_countEv
FN:100,_ZNK22GeneralQuantumOperator13get_state_dimEv
FN:107,_ZNK22GeneralQuantumOperator14get_term_countEv
FN:116,_ZNK22GeneralQuantumOperator8get_termEj
FN:130,_ZNK22GeneralQuantumOperator9get_termsEv
FNDA:4,_ZNK22GeneralQuantumOperator12is_hermitianEv
FNDA:80,_ZNK22GeneralQuantumOperator13get_state_dimEv
FNDA:118,_ZNK22GeneralQuantumOperator9get_termsEv
FNDA:1934,_ZNK22GeneralQuantumOperator15get_qubit_countEv
FNDA:578151,_ZNK22GeneralQuantumOperator8get_termEj
FNDA:239001,_ZNK22GeneralQuantumOperator14get_term_countEv
FNF:6
FNH:6
DA:15,332
DA:68,4
DA:93,1934
DA:100,80
DA:107,239001
DA:116,578151
DA:117,578151
DA:120,0
DA:122,578151
DA:130,118
DA:131,118
LF:11
LH:10
end_of_record
TN:
SF:/qulacs-osaka/src/cppsim/noisesimulator.cpp
FN:18,_ZN14NoiseSimulatorC2EPK14QuantumCircuitPK15QuantumStateCpu
FN:36,_ZN14NoiseSimulatorD0Ev
FN:36,_ZN14NoiseSimulatorD2Ev
FN:41,_ZN14NoiseSimulator7executeEj
FN:48,_ZN14NoiseSimulator25generate_sampling_requestEj
FN:83,_ZN14NoiseSimulator16execute_samplingESt6vectorINS_15SamplingRequestESaIS1_EE
FN:136,_ZN14NoiseSimulator39randomly_select_which_gate_pos_to_applyEP15QuantumGateBase
FN:155,_ZN14NoiseSimulator11apply_gatesERKSt6vectorIjSaIjEEP15QuantumStateCpui
FNDA:6,_ZN14NoiseSimulator25generate_sampling_requestEj
FNDA:0,_ZN14NoiseSimulatorD0Ev
FNDA:6,_ZN14NoiseSimulator16execute_samplingESt6vectorINS_15SamplingRequestESaIS1_EE
FNDA:6,_ZN14NoiseSimulator7executeEj
FNDA:6,_ZN14NoiseSimulatorC2EPK14QuantumCircuitPK15QuantumStateCpu
FNDA:26,_ZN14NoiseSimulator11apply_gatesERKSt6vectorIjSaIjEEP15QuantumStateCpui
FNDA:118000,_ZN14NoiseSimulator39randomly_select_which_gate_pos_to_applyEP15QuantumGateBase
FNDA:6,_ZN14NoiseSimulatorD2Ev
FNF:8
FNH:7
DA:18,6
DA:19,6
DA:20,6
DA:22,4
DA:23,4
DA:26,2
DA:28,6
DA:29,394
DA:30,388
DA:31,388
DA:32,4
DA:34,6
DA:36,12
DA:37,6
DA:38,6
DA:39,6
DA:41,6
DA:43,6
DA:44,6
DA:48,6
DA:50,12
DA:52,6
DA:53,20406
DA:54,138400
DA:55,118000
DA:56,118000
DA:60,6
DA:61,6
DA:67,20406
DA:68,20400
DA:69,20400
DA:70,20394
DA:75,78
DA:80,6
DA:83,6
DA:85,6
DA:90,6
DA:95,6
DA:96,12
DA:98,6
DA:102,32
DA:106,26
DA:107,414
DA:108,408
DA:109,388
DA:110,388
DA:111,384
DA:113,8
DA:114,4
DA:116,388
DA:119,26
DA:120,26
DA:122,26
DA:123,20426
DA:124,20400
DA:131,6
DA:133,6
DA:136,118000
DA:138,118000
DA:141,40000
DA:151,40000
DA:152,40000
DA:155,26
DA:157,26
DA:158,74
DA:159,48
DA:160,48
DA:161,14
DA:163,68
DA:164,34
DA:167,26
LF:71
LH:71
end_of_record
TN:
SF:/qulacs-osaka/src/cppsim/noisesimulator.hpp
FNF:0
FNH:0
DA:25,134
DA:39,26
LF:2
LH:2
end_of_record
TN:
SF:/qulacs-osaka/src/cppsim/observable.cpp
FN:19,_ZN24HermitianQuantumOperator12add_operatorEPK13PauliOperator
FN:28,_ZN24HermitianQuantumOperator12add_operatorESt7complexIdENSt7__cxx1112basic_stringIcSt11char_traitsIcESaIcEEE
FN:38,_ZNK24HermitianQuantumOperator21get_expectation_valueEPK16QuantumStateBase
FN:44,_ZNK24HermitianQuantumOperator47solve_ground_state_eigenvalue_by_lanczos_methodEP16QuantumStateBasejSt7complexIdE
FN:173,_ZNK24HermitianQuantumOperator9to_stringB5cxx11Ev
FN:187,_ZN10observable39create_observable_from_openfermion_fileENSt7__cxx1112basic_stringIcSt11char_traitsIcESaIcEEE
FN:237,_ZN10observable39create_observable_from_openfermion_textERKNSt7__cxx1112basic_stringIcSt11char_traitsIcESaIcEEE
FN:277,_ZN10observable23create_split_observableENSt7__cxx1112basic_stringIcSt11char_traitsIcESaIcEEE
FN:336,_Z28convert_observable_to_matrixRK24HermitianQuantumOperator
FNDA:0,_ZNK24HermitianQuantumOperator9to_stringB5cxx11Ev
FNDA:6,_ZN10observable39create_observable_from_openfermion_textERKNSt7__cxx1112basic_stringIcSt11char_traitsIcESaIcEEE
FNDA:80,_Z28convert_observable_to_matrixRK24HermitianQuantumOperator
FNDA:20,_ZNK24HermitianQuantumOperator47solve_ground_state_eigenvalue_by_lanczos_methodEP16QuantumStateBasejSt7complexIdE
FNDA:928,_ZN24HermitianQuantumOperator12add_operatorEPK13PauliOperator
FNDA:0,_ZN10observable23create_split_observableENSt7__cxx1112basic_stringIcSt11char_traitsIcESaIcEEE
FNDA:310,_ZN24HermitianQuantumOperator12add_operatorESt7complexIdENSt7__cxx1112basic_stringIcSt11char_traitsIcESaIcEEE
FNDA:72560,_ZNK24HermitianQuantumOperator21get_expectation_valueEPK16QuantumStateBase
FNDA:0,_ZN10observable39create_observable_from_openfermion_fileENSt7__cxx1112basic_stringIcSt11char_traitsIcESaIcEEE
FNF:9
FNH:6
DA:19,928
DA:20,928
DA:23,0
DA:25,928
DA:26,928
DA:28,310
DA:30,310
DA:33,0
DA:35,310
DA:36,310
DA:38,72560
DA:40,72560
DA:44,20
DA:47,20
DA:53,0
DA:61,20
DA:66,20
DA:67,40
DA:68,40
DA:71,20
DA:73,20
DA:74,20
DA:76,20
DA:77,20
DA:78,1400
DA:80,1400
DA:81,1400
DA:82,1400
DA:83,1400
DA:86,1400
DA:87,1400
DA:89,1400
DA:93,1380
DA:94,1380
DA:95,1380
DA:96,1380
DA:98,1360
DA:99,1360
DA:100,1360
DA:104,1380
DA:106,1380
DA:107,1380
DA:108,1380
DA:113,20
DA:114,20
DA:118,20
DA:119,1420
DA:120,1400
DA:127,20
DA:135,20
DA:136,20
DA:137,20
DA:138,1400
DA:140,1400
DA:141,1400
DA:142,1400
DA:145,1400
DA:146,1400
DA:147,1400
DA:148,1400
DA:149,1400
DA:154,1380
DA:155,1380
DA:156,1380
DA:157,1380
DA:159,1360
DA:160,1360
DA:161,1360
DA:165,1380
DA:166,1380
DA:167,1380
DA:170,20
DA:173,0
DA:174,0
DA:175,0
DA:176,0
DA:177,0
DA:178,0
DA:179,0
DA:180,0
DA:183,0
DA:187,0
DA:191,0
DA:193,0
DA:194,0
DA:196,0
DA:197,0
DA:202,0
DA:205,0
DA:207,0
DA:208,0
DA:209,0
DA:213,0
DA:214,0
DA:215,0
DA:217,0
DA:218,0
DA:222,0
DA:223,0
DA:225,0
DA:228,0
DA:230,0
DA:231,0
DA:234,0
DA:237,6
DA:241,6
DA:243,6
DA:245,6
DA:247,12
DA:248,96
DA:250,90
DA:251,90
DA:252,90
DA:256,90
DA:257,90
DA:258,180
DA:260,312
DA:261,222
DA:266,6
DA:268,96
DA:269,180
DA:270,90
DA:273,6
DA:277,0
DA:280,0
DA:282,0
DA:283,0
DA:285,0
DA:286,0
DA:291,0
DA:294,0
DA:296,0
DA:297,0
DA:298,0
DA:302,0
DA:303,0
DA:304,0
DA:306,0
DA:307,0
DA:311,0
DA:312,0
DA:314,0
DA:317,0
DA:319,0
DA:321,0
DA:322,0
DA:323,0
DA:324,0
DA:325,0
DA:327,0
DA:328,0
DA:332,0
DA:336,80
DA:337,80
DA:338,80
DA:339,80
DA:340,608
DA:342,528
DA:343,528
DA:344,528
DA:345,528
DA:347,528
DA:348,2704
DA:349,2176
DA:353,528
DA:354,528
DA:356,80
LF:167
LH:103
end_of_record
TN:
SF:/qulacs-osaka/src/cppsim/observable.hpp
FNF:0
FNH:0
DA:37,262
LF:1
LH:1
end_of_record
TN:
SF:/qulacs-osaka/src/cppsim/pauli_operator.cpp
FN:28,_ZN13PauliOperatorC2ENSt7__cxx1112basic_stringIcSt11char_traitsIcESaIcEEESt7complexIdE
FN:51,_ZN13PauliOperatorC2ERKSt6vectorIjSaIjEENSt7__cxx1112basic_stringIcSt11char_traitsIcESaIcEEESt7complexIdE
FN:81,_ZN13PauliOperatorC2ERKSt6vectorIjSaIjEESt7complexIdE
FN:89,_ZN13PauliOperatorC2ERKSt6vectorIjSaIjEES4_St7complexIdE
FN:100,_ZN13PauliOperatorC2ERKN5boost14dynamic_bitsetImSaImEEES5_St7complexIdE
FN:118,_ZN13PauliOperator16add_single_PauliEjj
FN:134,_ZNK13PauliOperator21get_expectation_valueEPK16QuantumStateBase
FN:172,_ZNK13PauliOperator35get_expectation_value_single_threadEPK16QuantumStateBase
FN:206,_ZNK13PauliOperator24get_transition_amplitudeEPK16QuantumStateBaseS2_
FN:244,_ZNK13PauliOperator4copyEv
FN:252,_ZNK13PauliOperator16get_pauli_stringB5cxx11Ev
FN:276,_ZN13PauliOperator11change_coefESt7complexIdE
FN:278,_ZNK13PauliOperatormlERKS_
FN:319,_ZNK13PauliOperatormlESt7complexIdE
FN:324,_ZN13PauliOperatormLERKS_
FN:381,_ZN13PauliOperatormLESt7complexIdE
FN:387,_ZN13PauliOperator20update_quantum_stateEP16QuantumStateBase
FNDA:1300,_ZN13PauliOperatorC2ERKSt6vectorIjSaIjEES4_St7complexIdE
FNDA:156,_ZNK13PauliOperator16get_pauli_stringB5cxx11Ev
FNDA:0,_ZN13PauliOperatorC2ERKSt6vectorIjSaIjEENSt7__cxx1112basic_stringIcSt11char_traitsIcESaIcEEESt7complexIdE
FNDA:46,_ZN13PauliOperatormLESt7complexIdE
FNDA:0,_ZN13PauliOperator20update_quantum_stateEP16QuantumStateBase
FNDA:86,_ZNK13PauliOperatormlERKS_
FNDA:12858,_ZN13PauliOperator16add_single_PauliEjj
FNDA:758,_ZN13PauliOperatorC2ENSt7__cxx1112basic_stringIcSt11char_traitsIcESaIcEEESt7complexIdE
FNDA:24,_ZN13PauliOperatormLERKS_
FNDA:86,_ZN13PauliOperatorC2ERKN5boost14dynamic_bitsetImSaImEEES5_St7complexIdE
FNDA:201025,_ZNK13PauliOperator35get_expectation_value_single_threadEPK16QuantumStateBase
FNDA:1488,_ZNK13PauliOperator21get_expectation_valueEPK16QuantumStateBase
FNDA:1978,_ZNK13PauliOperator4copyEv
FNDA:0,_ZNK13PauliOperatormlESt7complexIdE
FNDA:38,_ZN13PauliOperator11change_coefESt7complexIdE
FNDA:0,_ZNK13PauliOperator24get_transition_amplitudeEPK16QuantumStateBaseS2_
FNDA:0,_ZN13PauliOperatorC2ERKSt6vectorIjSaIjEESt7complexIdE
FNF:17
FNH:12
DA:28,758
DA:29,1516
DA:32,3494
DA:33,2748
DA:34,2748
DA:35,5448
DA:37,4647
DA:39,3101
DA:41,1166
DA:45,0
DA:47,2712
DA:49,758
DA:51,0
DA:52,0
DA:53,0
DA:54,0
DA:57,0
DA:58,0
DA:61,0
DA:64,0
DA:67,0
DA:73,0
DA:77,0
DA:79,0
DA:81,0
DA:82,0
DA:83,0
DA:84,0
DA:85,0
DA:87,0
DA:89,1300
DA:90,1300
DA:91,1300
DA:93,4910
DA:95,3610
DA:96,3610
DA:98,1300
DA:100,86
DA:101,86
DA:102,86
DA:103,484
DA:105,398
DA:107,192
DA:109,186
DA:113,236
DA:116,86
DA:118,12858
DA:119,25716
DA:120,24350
DA:121,11492
DA:122,11492
DA:124,12858
DA:126,9536
DA:129,6738
DA:132,12858
DA:134,1488
DA:136,1488
DA:156,4464
DA:157,2976
DA:158,2976
DA:159,2976
DA:160,1488
DA:164,0
DA:165,0
DA:166,0
DA:167,0
DA:168,0
DA:172,201025
DA:174,201025
DA:189,602823
DA:190,401882
DA:191,401882
DA:192,401882
DA:193,200941
DA:198,252
DA:199,168
DA:200,168
DA:201,168
DA:202,84
DA:206,0
DA:209,0
DA:211,0
DA:235,0
DA:237,0
DA:238,0
DA:239,0
DA:240,0
DA:244,1978
DA:245,1978
DA:246,6454
DA:247,4476
DA:249,1978
DA:252,156
DA:253,156
DA:254,156
DA:256,156
DA:257,28
DA:259,1066
DA:260,938
DA:261,938
DA:262,938
DA:263,0
DA:264,938
DA:266,98
DA:268,66
DA:270,1876
DA:276,38
DA:278,86
DA:283,86
DA:284,86
DA:285,86
DA:286,2
DA:287,2
DA:288,2
DA:289,2
DA:290,2
DA:293,484
DA:294,398
DA:295,26
DA:297,24
DA:300,372
DA:301,236
DA:303,234
DA:306,136
DA:307,24
DA:309,12
DA:315,258
DA:316,86
DA:319,0
DA:320,0
DA:321,0
DA:324,24
DA:325,24
DA:327,24
DA:328,24
DA:329,24
DA:330,24
DA:331,2
DA:332,2
DA:333,2
DA:334,2
DA:337,308
DA:338,284
DA:339,10
DA:341,8
DA:344,274
DA:345,206
DA:347,204
DA:350,68
DA:351,8
DA:353,4
DA:358,24
DA:359,24
DA:363,24
DA:364,24
DA:365,308
DA:367,284
DA:369,78
DA:371,72
DA:375,220
DA:378,24
DA:381,46
DA:383,46
DA:387,0
DA:389,0
DA:390,0
DA:391,0
DA:392,0
DA:393,0
DA:394,0
DA:395,0
DA:396,0
DA:397,0
DA:398,0
DA:399,0
DA:400,0
DA:401,0
DA:402,0
DA:403,0
DA:406,0
DA:407,0
LF:181
LH:127
end_of_record
TN:
SF:/qulacs-osaka/src/cppsim/pauli_operator.hpp
FN:42,_ZN19SinglePauliOperatorC2Ejj
FN:92,_ZNK13PauliOperator14get_index_listEv
FN:110,_ZNK13PauliOperator17get_pauli_id_listEv
FN:201,_ZNK13PauliOperator8get_coefEv
FN:209,_ZNK13PauliOperator10get_x_bitsEv
FN:217,_ZNK13PauliOperator10get_z_bitsEv
FN:219,_ZN13PauliOperatorD0Ev
FN:219,_ZN13PauliOperatorD2Ev
FNDA:12858,_ZN19SinglePauliOperatorC2Ejj
FNDA:1467012,_ZNK13PauliOperator14get_index_listEv
FNDA:558,_ZNK13PauliOperator10get_x_bitsEv
FNDA:3696,_ZN13PauliOperatorD2Ev
FNDA:1262901,_ZNK13PauliOperator17get_pauli_id_listEv
FNDA:558,_ZNK13PauliOperator10get_z_bitsEv
FNDA:2158,_ZN13PauliOperatorD0Ev
FNDA:581153,_ZNK13PauliOperator8get_coefEv
FNF:8
FNH:8
DA:42,12858
DA:43,12858
DA:44,12858
DA:47,0
DA:49,12858
DA:92,1467012
DA:96,1467012
DA:97,1467012
DA:110,1262901
DA:114,1262901
DA:115,1262901
DA:127,2040
DA:201,581153
DA:209,558
DA:217,558
DA:219,5854
LF:16
LH:15
end_of_record
TN:
SF:/qulacs-osaka/src/cppsim/qubit_info.cpp
FN:4,_ZNK15TargetQubitInfo15is_commute_withERKS_
FN:12,_ZNK15TargetQubitInfo15is_commute_withERK16ControlQubitInfo
FN:21,_ZNK16ControlQubitInfo15is_commute_withERK15TargetQubitInfo
FN:29,_ZNK16ControlQubitInfo15is_commute_withERKS_
FNDA:68155,_ZNK15TargetQubitInfo15is_commute_withERKS_
FNDA:1849,_ZNK16ControlQubitInfo15is_commute_withERK15TargetQubitInfo
FNDA:0,_ZNK16ControlQubitInfo15is_commute_withERKS_
FNDA:6954,_ZNK15TargetQubitInfo15is_commute_withERK16ControlQubitInfo
FNF:4
FNH:3
DA:4,68155
DA:5,68155
DA:7,15795
DA:10,15107
DA:12,6954
DA:13,6954
DA:15,1533
DA:18,1081
DA:21,1849
DA:22,1849
DA:24,375
DA:27,291
DA:29,0
DA:30,0
LF:14
LH:12
end_of_record
TN:
SF:/qulacs-osaka/src/cppsim/qubit_info.hpp
FN:170,_ZNK15TargetQubitInfo19get_merged_propertyEj
FN:180,_ZNK15TargetQubitInfo19get_merged_propertyERKS_
FN:190,_ZNK15TargetQubitInfo19get_merged_propertyERK16ControlQubitInfo
FNDA:0,_ZNK15TargetQubitInfo19get_merged_propertyERKS_
FNDA:49,_ZNK15TargetQubitInfo19get_merged_propertyEj
FNDA:0,_ZNK15TargetQubitInfo19get_merged_propertyERK16ControlQubitInfo
FNF:3
FNH:1
DA:28,0
DA:35,14468
DA:44,31465
DA:71,1122
DA:96,440272
DA:116,13221
DA:124,0
DA:133,0
DA:142,1908
DA:170,49
DA:171,523
DA:180,0
DA:181,3589
DA:190,0
DA:192,0
LF:15
LH:9
end_of_record
TN:
SF:/qulacs-osaka/src/cppsim/simulator.cpp
FN:9,_ZN23QuantumCircuitSimulatorC2EP14QuantumCircuitP16QuantumStateBase
FN:15,_ZN23QuantumCircuitSimulatorD2Ev
FN:21,_ZN23QuantumCircuitSimulator16initialize_stateEy
FN:25,_ZN23QuantumCircuitSimulator23initialize_random_stateEv
FN:29,_ZN23QuantumCircuitSimulator23initialize_random_stateEj
FN:33,_ZN23QuantumCircuitSimulator8simulateEv
FN:36,_ZN23QuantumCircuitSimulator14simulate_rangeEjj
FN:40,_ZN23QuantumCircuitSimulator21get_expectation_valueEPK24HermitianQuantumOperator
FN:45,_ZN23QuantumCircuitSimulator14get_gate_countEv
FN:48,_ZN23QuantumCircuitSimulator20copy_state_to_bufferEv
FN:52,_ZN23QuantumCircuitSimulator22copy_state_from_bufferEv
[...]
FNDA:10701,_Z29multi_qubit_Pauli_gate_Z_maskyPSt7complexIdEy
FNDA:97650,_Z35multi_qubit_Pauli_gate_partial_listPKjS0_jPSt7complexIdEy
FNDA:688,_Z38multi_qubit_Pauli_rotation_gate_Z_maskydPSt7complexIdEy
FNDA:754,_Z39multi_qubit_Pauli_rotation_gate_XZ_maskyyjjdPSt7complexIdEy
FNDA:0,_Z56multi_qubit_Pauli_rotation_gate_whole_list_single_threadPKjjdPSt7complexIdEy
FNDA:86969,_Z30multi_qubit_Pauli_gate_XZ_maskyyjjPSt7complexIdEy
FNDA:0,_Z52multi_qubit_Pauli_rotation_gate_Z_mask_single_threadydPSt7complexIdEy
FNDA:0,_Z53multi_qubit_Pauli_rotation_gate_XZ_mask_single_threadyyjjdPSt7complexIdEy
FNDA:0,_Z47multi_qubit_Pauli_gate_whole_list_single_threadPKjjPSt7complexIdEy
FNDA:20,_Z33multi_qubit_Pauli_gate_whole_listPKjjPSt7complexIdEy
FNF:16
FNH:11
DA:46,86969
DA:50,86969
DA:53,86969
DA:54,86969
DA:59,86969
DA:60,86969
DA:61,86969
DA:86,86969
DA:88,86969
DA:89,754
DA:93,754
DA:96,754
DA:97,754
DA:101,754
DA:102,754
DA:105,754
DA:106,754
DA:107,754
DA:136,754
DA:138,754
DA:140,10701
DA:148,10701
DA:149,10701
DA:150,10701
DA:162,10701
DA:164,10701
DA:166,688
DA:173,688
DA:174,688
DA:178,688
DA:179,688
DA:180,688
DA:191,688
DA:193,688
DA:195,97650
DA:199,97650
DA:200,97650
DA:201,97650
DA:202,97650
DA:203,97650
DA:206,97650
DA:207,10701
DA:209,86949
DA:212,97650
DA:214,20
DA:217,20
DA:218,20
DA:219,20
DA:220,20
DA:221,20
DA:224,20
DA:225,0
DA:227,20
DA:230,20
DA:232,1422
DA:236,1422
DA:237,1422
DA:238,1422
DA:239,1422
DA:240,1422
DA:243,1422
DA:244,688
DA:247,734
DA:250,1422
DA:252,20
DA:256,20
DA:257,20
DA:258,20
DA:259,20
DA:260,20
DA:263,20
DA:264,0
DA:267,20
DA:270,20
DA:272,2864
DA:276,2864
DA:279,2864
DA:280,2864
DA:283,8592
DA:285,5728
DA:286,5728
DA:289,5728
DA:292,5728
DA:293,5728
DA:296,5728
DA:297,5728
DA:301,5728
DA:303,5728
DA:305,2864
DA:307,0
DA:311,0
DA:314,0
DA:315,0
DA:319,0
DA:320,0
DA:321,0
DA:323,0
DA:324,0
DA:327,0
DA:330,0
DA:331,0
DA:334,0
DA:335,0
DA:341,0
DA:345,0
DA:347,0
DA:349,956086
DA:354,4821640
DA:356,3865550
DA:359,3865550
DA:360,1044620
DA:363,956086
DA:365,0
DA:372,0
DA:373,0
DA:374,0
DA:376,0
DA:377,0
DA:380,0
DA:382,0
DA:384,958950
DA:388,958950
DA:389,958950
DA:390,958950
DA:391,958950
DA:392,958950
DA:395,958950
DA:396,956086
DA:399,2864
DA:403,958950
DA:405,0
DA:409,0
DA:410,0
DA:411,0
DA:412,0
DA:413,0
DA:416,0
DA:417,0
DA:420,0
DA:424,0
DA:426,0
DA:430,0
DA:431,0
DA:432,0
DA:433,0
DA:434,0
DA:437,0
DA:438,0
DA:441,0
DA:445,0
DA:447,0
DA:451,0
DA:452,0
DA:453,0
DA:454,0
DA:455,0
DA:458,0
DA:459,0
DA:462,0
DA:466,0
LF:160
LH:103
end_of_record
TN:
SF:/qulacs-osaka/src/csim/update_ops_pauli_single.cpp
FN:14,_Z23single_qubit_Pauli_gatejjPSt7complexIdEy
FN:34,_Z32single_qubit_Pauli_rotation_gatejjdPSt7complexIdEy
FN:54,_Z7RX_gatejdPSt7complexIdEy
FN:66,_Z7RY_gatejdPSt7complexIdEy
FN:78,_Z7RZ_gatejdPSt7complexIdEy
FNDA:20,_Z23single_qubit_Pauli_gatejjPSt7complexIdEy
FNDA:260293,_Z7RX_gatejdPSt7complexIdEy
FNDA:10305,_Z7RZ_gatejdPSt7complexIdEy
FNDA:122752,_Z7RY_gatejdPSt7complexIdEy
FNDA:20,_Z32single_qubit_Pauli_rotation_gatejjdPSt7complexIdEy
FNF:5
FNH:5
DA:14,20
DA:16,20
DA:19,8
DA:20,8
DA:21,8
DA:22,4
DA:23,4
DA:24,4
DA:25,3
DA:26,3
DA:27,3
DA:28,0
DA:29,0
DA:32,20
DA:34,20
DA:36,20
DA:39,9
DA:40,9
DA:41,9
DA:42,6
DA:43,6
DA:44,6
DA:45,5
DA:46,5
DA:47,5
DA:48,0
DA:49,0
DA:52,20
DA:54,260293
DA:57,260293
DA:58,260293
DA:60,260293
DA:61,260293
DA:63,260293
DA:64,260293
DA:66,122752
DA:69,122752
DA:70,122752
DA:73,122752
DA:75,122752
DA:76,122752
DA:78,10305
DA:81,10305
DA:82,10305
DA:83,10305
DA:84,10305
DA:85,10305
DA:87,10305
LF:48
LH:44
end_of_record
TN:
SF:/qulacs-osaka/src/csim/update_ops_reflection.cpp
FN:14,_Z15reflection_gatePKSt7complexIdEPS0_y
FNDA:0,_Z15reflection_gatePKSt7complexIdEPS0_y
FNF:1
FNH:0
DA:14,0
DA:15,0
DA:17,0
DA:23,0
LF:4
LH:0
end_of_record
TN:
SF:/qulacs-osaka/src/csim/update_ops_reversible_boolean.cpp
FN:5,_Z23reversible_boolean_gatePKjjSt8functionIFyyyEEPSt7complexIdEy
FNDA:8,_Z23reversible_boolean_gatePKjjSt8functionIFyyyEEPSt7complexIdEy
FNF:1
FNH:1
DA:5,8
DA:9,8
DA:10,8
DA:14,8
DA:18,8
DA:20,8
DA:22,24
DA:25,48
DA:26,32
DA:33,80
DA:34,64
DA:35,64
DA:39,80
DA:40,64
DA:43,8
DA:44,8
DA:45,8
DA:46,8
LF:18
LH:18
end_of_record
TN:
SF:/qulacs-osaka/src/csim/utility.cpp
FN:11,_Z28get_Pauli_masks_partial_listPKjS0_jPyS1_PjS2_
FN:44,_Z26get_Pauli_masks_whole_listPKjjPyS1_PjS2_
FN:76,_Z23create_matrix_mask_listPKjj
FN:95,_Z19create_control_maskPKjS0_j
FN:104,_ZL10compare_uiPKvS0_
FN:107,_Z7sort_uiPjm
FN:110,_Z21create_sorted_ui_listPKjm
FN:116,_Z27create_sorted_ui_list_valuePKjmj
FN:123,_Z26create_sorted_ui_list_listPKjmS0_m
FNDA:4920,_ZL10compare_uiPKvS0_
FNDA:1261070,_Z28get_Pauli_masks_partial_listPKjS0_jPyS1_PjS2_
FNDA:120,_Z26create_sorted_ui_list_listPKjmS0_m
FNDA:1553,_Z23create_matrix_mask_listPKjj
FNDA:520,_Z26get_Pauli_masks_whole_listPKjjPyS1_PjS2_
FNDA:713,_Z21create_sorted_ui_listPKjm
FNDA:300,_Z19create_control_maskPKjS0_j
FNDA:100,_Z27create_sorted_ui_list_valuePKjmj
FNDA:1629,_Z7sort_uiPjm
FNF:9
FNH:9
DA:11,1261070
DA:15,1261070
DA:16,1261070
DA:17,1261070
DA:18,1261070
DA:19,2974530
DA:20,1713460
DA:21,1713460
DA:24,167245
DA:25,167245
DA:26,167245
DA:27,167245
DA:28,268909
DA:29,268909
DA:30,268909
DA:31,268909
DA:32,268909
DA:33,268909
DA:34,1178400
DA:35,1178400
DA:36,1178400
DA:37,0
DA:38,0
DA:42,1261070
DA:44,520
DA:47,520
DA:48,520
DA:49,520
DA:50,520
DA:51,3120
DA:52,3640
DA:53,3120
DA:56,382
DA:57,382
DA:58,382
DA:59,382
DA:60,400
DA:61,400
DA:62,400
DA:63,400
DA:64,400
DA:65,400
DA:66,1335
DA:67,1335
DA:68,1335
DA:69,0
DA:70,0
DA:74,520
DA:76,1553
DA:78,1553
DA:79,1553
DA:82,20829
DA:83,98748
DA:85,79472
DA:86,39736
DA:87,39736
DA:91,1553
DA:95,300
DA:98,880
DA:99,580
DA:101,300
DA:104,4920
DA:105,4920
DA:107,1629
DA:108,1629
DA:109,1629
DA:110,713
DA:111,713
DA:112,713
DA:113,713
DA:114,713
DA:116,100
DA:117,100
DA:118,100
DA:119,100
DA:120,100
DA:121,100
DA:123,120
DA:125,120
DA:126,120
DA:127,120
DA:128,120
DA:129,120
LF:83
LH:79
end_of_record
TN:
SF:/qulacs-osaka/src/csim/utility.hpp
FN:56,_ZL16count_populationy
FNDA:6203214,_ZL16count_populationy
FNF:1
FNH:1
DA:12,363417
DA:13,363417
DA:56,6203214
DA:57,6203214
DA:58,6203214
DA:59,6203214
DA:60,6203214
DA:61,6203214
DA:62,6203214
DA:63,6203214
LF:10
LH:10
end_of_record
TN:
SF:/qulacs-osaka/src/vqcsim/GradCalculator.cpp
FN:8,_ZN14GradCalculator14calculate_gradER24ParametricQuantumCircuitR24HermitianQuantumOperatorSt6vectorIdSaIdEE
FN:43,_ZN14GradCalculator14calculate_gradER24ParametricQuantumCircuitR24HermitianQuantumOperator
FNDA:8,_ZN14GradCalculator14calculate_gradER24ParametricQuantumCircuitR24HermitianQuantumOperatorSt6vectorIdSaIdEE
FNDA:2,_ZN14GradCalculator14calculate_gradER24ParametricQuantumCircuitR24HermitianQuantumOperator
FNF:2
FNH:2
DA:8,8
DA:10,8
DA:13,136
DA:16,2340
DA:18,2212
DA:21,2212
DA:23,128
DA:24,128
DA:27,2340
DA:29,2212
DA:32,2212
DA:34,128
DA:35,128
DA:37,128
DA:39,8
DA:40,8
DA:43,2
DA:46,42
DA:47,40
DA:49,6
LF:20
LH:20
end_of_record
TN:
SF:/qulacs-osaka/src/vqcsim/causalcone_simulator.hpp
FN:17,_ZN9UnionFindC2Ei
FN:18,_ZN9UnionFind4rootEi
FN:27,_ZN9UnionFind4sizeEi
FN:29,_ZN9UnionFind7connectEii
FN:54,_ZN19CausalConeSimulatorC2ERK24ParametricQuantumCircuitRK24HermitianQuantumOperator
FN:61,_ZN19CausalConeSimulator5buildEv
FN:178,_ZN19CausalConeSimulator21get_expectation_valueEv
FNDA:0,_ZN9UnionFind4sizeEi
FNDA:0,_ZN19CausalConeSimulator5buildEv
FNDA:0,_ZN19CausalConeSimulator21get_expectation_valueEv
FNDA:0,_ZN9UnionFind7connectEii
FNDA:0,_ZN9UnionFindC2Ei
FNDA:256,_ZN19CausalConeSimulatorC2ERK24ParametricQuantumCircuitRK24HermitianQuantumOperator
FNDA:0,_ZN9UnionFind4rootEi
FNF:7
FNH:1
DA:12,0
DA:17,0
DA:18,0
DA:19,0
DA:22,0
DA:27,0
DA:29,0
DA:32,0
DA:35,0
DA:39,0
DA:40,0
DA:42,0
DA:54,256
DA:55,256
DA:56,256
DA:58,256
DA:59,256
DA:61,0
DA:62,0
DA:63,0
DA:64,0
DA:65,0
DA:66,0
DA:67,0
DA:68,0
DA:69,0
DA:70,0
DA:71,0
DA:72,0
DA:73,0
DA:74,0
DA:76,0
DA:78,0
DA:80,0
DA:81,0
DA:82,0
DA:83,0
DA:84,0
DA:87,0
DA:88,0
DA:89,0
DA:91,0
DA:95,0
DA:96,0
DA:97,0
DA:100,0
DA:101,0
DA:104,0
DA:106,0
DA:107,0
DA:109,0
DA:111,0
DA:112,0
DA:114,0
DA:116,0
DA:122,0
DA:123,0
DA:126,0
DA:127,0
DA:128,0
DA:129,0
DA:133,0
DA:135,0
DA:137,0
DA:138,0
DA:139,0
DA:141,0
DA:144,0
DA:145,0
DA:146,0
DA:150,0
DA:151,0
DA:153,0
DA:154,0
DA:155,0
DA:156,0
DA:157,0
DA:158,0
DA:159,0
DA:160,0
DA:162,0
DA:163,0
DA:164,0
DA:166,0
DA:167,0
DA:168,0
DA:169,0
DA:172,0
DA:173,0
DA:174,0
DA:176,0
DA:178,0
DA:179,0
DA:181,0
DA:183,0
DA:184,0
DA:185,0
DA:186,0
DA:187,0
DA:188,0
DA:189,0
DA:190,0
DA:191,0
DA:192,0
DA:196,0
LF:105
LH:5
end_of_record
TN:
SF:/qulacs-osaka/src/vqcsim/differential.cpp
FN:4,_ZN16GradientByHalfPi16compute_gradientEP33ParametricQuantumCircuitSimulatorPK25EnergyMinimizationProblemRKSt6vectorIdSaIdEEPS7_
FNDA:6000,_ZN16GradientByHalfPi16compute_gradientEP33ParametricQuantumCircuitSimulatorPK25EnergyMinimizationProblemRKSt6vectorIdSaIdEEPS7_
FNF:1
FNH:1
DA:4,6000
DA:11,6000
DA:12,6000
DA:14,38000
DA:15,32000
DA:17,38000
DA:18,32000
DA:19,32000
DA:21,32000
DA:22,32000
DA:23,32000
DA:24,32000
DA:26,32000
DA:27,32000
DA:28,32000
DA:29,32000
DA:31,32000
DA:33,32000
DA:34,32000
DA:37,6000
DA:38,6000
DA:39,6000
LF:22
LH:22
end_of_record
TN:
SF:/qulacs-osaka/src/vqcsim/parametric_circuit.cpp
FN:15,_ZN24ParametricQuantumCircuitC2Ej
FN:18,_ZNK24ParametricQuantumCircuit4copyEv
FN:37,_ZN24ParametricQuantumCircuit19add_parametric_gateEP27QuantumGate_SingleParameter
FN:43,_ZN24ParametricQuantumCircuit19add_parametric_gateEP27QuantumGate_SingleParameterj
FN:49,_ZN24ParametricQuantumCircuit24add_parametric_gate_copyEP27QuantumGate_SingleParameter
FN:56,_ZN24ParametricQuantumCircuit24add_parametric_gate_copyEP27QuantumGate_SingleParameterj
FN:65,_ZNK24ParametricQuantumCircuit19get_parameter_countEv
FN:68,_ZNK24ParametricQuantumCircuit13get_parameterEj
FN:78,_ZN24ParametricQuantumCircuit13set_parameterEjd
FN:90,_ZNK24ParametricQuantumCircuit9to_stringB5cxx11Ev
FN:98,_ZlsRSoRK24ParametricQuantumCircuit
FN:103,_ZlsRSoPK24ParametricQuantumCircuit
FN:109,_ZNK24ParametricQuantumCircuit28get_parametric_gate_positionEj
FN:121,_ZN24ParametricQuantumCircuit8add_gateEP15QuantumGateBase
FN:124,_ZN24ParametricQuantumCircuit8add_gateEP15QuantumGateBasej
FN:129,_ZN24ParametricQuantumCircuit13add_gate_copyEPK15QuantumGateBase
FN:132,_ZN24ParametricQuantumCircuit13add_gate_copyEPK15QuantumGateBasej
FN:139,_ZN24ParametricQuantumCircuit11remove_gateEj
FN:153,_ZN24ParametricQuantumCircuit22add_parametric_RX_gateEjd
FN:157,_ZN24ParametricQuantumCircuit22add_parametric_RY_gateEjd
FN:161,_ZN24ParametricQuantumCircuit22add_parametric_RZ_gateEjd
FN:166,_ZN24ParametricQuantumCircuit40add_parametric_multi_Pauli_rotation_gateESt6vectorIjSaIjEES2_d
FN:173,_ZN24ParametricQuantumCircuit22backprop_inner_productEP15QuantumStateCpu
FN:253,_ZN24ParametricQuantumCircuit8backpropEP22GeneralQuantumOperator
FNDA:0,_ZN24ParametricQuantumCircuit19add_parametric_gateEP27QuantumGate_SingleParameterj
FNDA:160,_ZN24ParametricQuantumCircuit22add_parametric_RZ_gateEjd
FNDA:32000,_ZNK24ParametricQuantumCircuit28get_parametric_gate_positionEj
FNDA:6690,_ZN24ParametricQuantumCircuit19add_parametric_gateEP27QuantumGate_SingleParameter
FNDA:0,_ZN24ParametricQuantumCircuit11remove_gateEj
FNDA:96480,_ZNK24ParametricQuantumCircuit13get_parameterEj
FNDA:160,_ZN24ParametricQuantumCircuit22add_parametric_RX_gateEjd
FNDA:0,_ZlsRSoPK24ParametricQuantumCircuit
FNDA:37706,_ZN24ParametricQuantumCircuit8add_gateEP15QuantumGateBase
FNDA:4,_ZN24ParametricQuantumCircuit8backpropEP22GeneralQuantumOperator
FNDA:0,_ZN24ParametricQuantumCircuit13add_gate_copyEPK15QuantumGateBasej
FNDA:0,_ZN24ParametricQuantumCircuit24add_parametric_gate_copyEP27QuantumGate_SingleParameterj
FNDA:1730,_ZN24ParametricQuantumCircuitC2Ej
FNDA:0,_ZlsRSoRK24ParametricQuantumCircuit
FNDA:6668,_ZNK24ParametricQuantumCircuit19get_parameter_countEv
FNDA:0,_ZN24ParametricQuantumCircuit13add_gate_copyEPK15QuantumGateBase
FNDA:134500,_ZN24ParametricQuantumCircuit13set_parameterEjd
FNDA:344,_ZNK24ParametricQuantumCircuit4copyEv
FNDA:6,_ZN24ParametricQuantumCircuit22backprop_inner_productEP15QuantumStateCpu
FNDA:0,_ZN24ParametricQuantumCircuit8add_gateEP15QuantumGateBasej
FNDA:140,_ZN24ParametricQuantumCircuit22add_parametric_RY_gateEjd
FNDA:0,_ZN24ParametricQuantumCircuit24add_parametric_gate_copyEP27QuantumGate_SingleParameter
FNDA:46,_ZN24ParametricQuantumCircuit40add_parametric_multi_Pauli_rotation_gateESt6vectorIjSaIjEES2_d
FNDA:0,_ZNK24ParametricQuantumCircuit9to_stringB5cxx11Ev
FNF:24
FNH:14
DA:15,1730
DA:16,1730
DA:18,344
DA:20,344
DA:21,8790
DA:23,8446
DA:24,8446
DA:26,8446
DA:27,6152
DA:28,6152
DA:29,6152
DA:31,2294
DA:34,344
DA:37,6690
DA:39,6690
DA:40,6690
DA:41,6690
DA:42,6690
DA:43,0
DA:45,0
DA:46,0
DA:47,0
DA:48,0
DA:49,0
DA:51,0
DA:52,0
DA:53,0
DA:54,0
DA:55,0
DA:56,0
DA:58,0
DA:59,0
DA:60,0
DA:61,0
DA:62,0
DA:63,0
DA:64,0
DA:65,6668
DA:66,6668
DA:68,96480
DA:69,96480
DA:73,0
DA:76,96480
DA:78,134500
DA:79,134500
DA:84,0
DA:87,134500
DA:90,0
DA:91,0
DA:92,0
DA:94,0
DA:95,0
DA:98,0
DA:100,0
DA:101,0
DA:103,0
DA:105,0
DA:106,0
DA:109,32000
DA:110,32000
DA:116,0
DA:119,32000
DA:121,37706
DA:122,37706
DA:123,37706
DA:124,0
DA:125,0
DA:126,0
DA:127,0
DA:128,0
DA:129,0
DA:130,0
DA:131,0
DA:132,0
DA:134,0
DA:135,0
DA:136,0
DA:137,0
DA:139,0
DA:141,0
DA:142,0
DA:145,0
DA:146,0
DA:148,0
DA:149,0
DA:150,0
DA:151,0
DA:153,160
DA:155,160
DA:156,160
DA:157,140
DA:159,140
DA:160,140
DA:161,160
DA:163,160
DA:164,160
DA:166,46
DA:169,92
DA:170,46
DA:171,46
DA:173,6
DA:177,6
DA:178,6
DA:180,6
DA:181,6
DA:183,6
DA:184,6
DA:185,72
DA:186,66
DA:187,66
DA:189,6
DA:211,6
DA:212,108
DA:213,102
DA:214,102
DA:215,66
DA:217,132
DA:218,40
DA:219,92
DA:220,40
DA:221,52
DA:222,40
DA:224,12
DA:228,12
DA:229,12
DA:231,0
DA:233,0
DA:234,0
DA:235,0
DA:237,66
DA:238,66
DA:239,66
DA:241,66
DA:243,102
DA:244,102
DA:245,102
DA:246,102
DA:248,6
DA:249,6
DA:250,6
DA:253,4
DA:259,4
DA:260,4
DA:261,4
DA:262,4
DA:263,4
DA:264,4
DA:266,4
DA:267,4
DA:276,4
DA:277,4
DA:278,4
DA:279,4
DA:280,4
LF:154
LH:95
end_of_record
TN:
SF:/qulacs-osaka/src/vqcsim/parametric_gate.hpp
FN:25,_ZN27QuantumGate_SingleParameter19set_parameter_valueEd
FN:26,_ZNK27QuantumGate_SingleParameter19get_parameter_valueEv
FN:45,_ZN43QuantumGate_SingleParameterOneQubitRotation20update_quantum_stateEP16QuantumStateBase
FN:69,_ZN19ClsParametricRXGateC2Ejd
FN:80,_ZNK19ClsParametricRXGate10set_matrixERN5Eigen6MatrixISt7complexIdELin1ELin1ELi1ELin1ELin1EEE
FN:85,_ZNK19ClsParametricRXGate4copyEv
FN:92,_ZN19ClsParametricRYGateC2Ejd
FN:103,_ZNK19ClsParametricRYGate10set_matrixERN5Eigen6MatrixISt7complexIdELin1ELin1ELi1ELin1ELin1EEE
FN:108,_ZNK19ClsParametricRYGate4copyEv
FN:115,_ZN19ClsParametricRZGateC2Ejd
FN:126,_ZNK19ClsParametricRZGate10set_matrixERN5Eigen6MatrixISt7complexIdELin1ELin1ELi1ELin1ELin1EEE
FN:131,_ZNK19ClsParametricRZGate4copyEv
FN:141,_ZN30ClsParametricPauliRotationGateC2EdP13PauliOperator
FN:159,_ZN30ClsParametricPauliRotationGateD2Ev
FN:159,_ZN30ClsParametricPauliRotationGateD0Ev
FN:160,_ZN30ClsParametricPauliRotationGate20update_quantum_stateEP16QuantumStateBase
FN:189,_ZNK30ClsParametricPauliRotationGate4copyEv
FN:192,_ZNK30ClsParametricPauliRotationGate10set_matrixERN5Eigen6MatrixISt7complexIdELin1ELin1ELi1ELin1ELin1EEE
FN:198,_ZNK30ClsParametricPauliRotationGate9get_pauliEv
FNDA:416,_ZN30ClsParametricPauliRotationGateC2EdP13PauliOperator
FNDA:6,_ZNK30ClsParametricPauliRotationGate9get_pauliEv
FNDA:150,_ZN19ClsParametricRYGateC2Ejd
FNDA:160,_ZN19ClsParametricRZGateC2Ejd
FNDA:12834,_ZNK19ClsParametricRZGate4copyEv
FNDA:232,_ZN30ClsParametricPauliRotationGate20update_quantum_stateEP16QuantumStateBase
FNDA:20,_ZNK19ClsParametricRYGate10set_matrixERN5Eigen6MatrixISt7complexIdELin1ELin1ELi1ELin1ELin1EEE
FNDA:393138,_ZN43QuantumGate_SingleParameterOneQubitRotation20update_quantum_stateEP16QuantumStateBase
FNDA:20,_ZNK19ClsParametricRZGate10set_matrixERN5Eigen6MatrixISt7complexIdELin1ELin1ELi1ELin1ELin1EEE
FNDA:20,_ZNK19ClsParametricRXGate10set_matrixERN5Eigen6MatrixISt7complexIdELin1ELin1ELi1ELin1ELin1EEE
FNDA:366,_ZNK30ClsParametricPauliRotationGate4copyEv
FNDA:6,_ZNK30ClsParametricPauliRotationGate10set_matrixERN5Eigen6MatrixISt7complexIdELin1ELin1ELi1ELin1ELin1EEE
FNDA:96480,_ZNK27QuantumGate_SingleParameter19get_parameter_valueEv
FNDA:830,_ZNK19ClsParametricRYGate4copyEv
FNDA:182,_ZN19ClsParametricRXGateC2Ejd
FNDA:56,_ZN30ClsParametricPauliRotationGateD2Ev
FNDA:12798,_ZNK19ClsParametricRXGate4copyEv
FNDA:134500,_ZN27QuantumGate_SingleParameter19set_parameter_valueEd
FNDA:56,_ZN30ClsParametricPauliRotationGateD0Ev
FNF:19
FNH:19
DA:15,56
DA:21,1816
DA:22,908
DA:23,908
DA:25,134500
DA:26,96480
DA:30,26462
DA:40,492
DA:45,393138
DA:46,393138
DA:57,392958
DA:58,392958
DA:61,180
DA:62,180
DA:64,393138
DA:67,12798
DA:69,182
DA:70,182
DA:71,182
DA:72,182
DA:73,182
DA:77,182
DA:78,0
DA:79,182
DA:80,20
DA:81,20
DA:82,20
DA:83,40
DA:84,20
DA:85,12798
DA:86,25596
DA:90,830
DA:92,150
DA:93,150
DA:94,150
DA:95,150
DA:96,150
DA:100,150
DA:101,0
DA:102,150
DA:103,20
DA:104,20
DA:105,20
DA:106,40
DA:107,20
DA:108,830
DA:109,1660
DA:113,12834
DA:115,160
DA:116,160
DA:117,160
DA:118,160
DA:119,160
DA:123,160
DA:124,0
DA:125,160
DA:126,20
DA:127,20
DA:128,20
DA:129,40
DA:130,20
DA:131,12834
DA:132,25668
DA:141,416
DA:142,416
DA:143,416
DA:144,416
DA:145,416
DA:146,416
DA:147,1268
DA:149,852
DA:151,604
DA:153,356
DA:155,852
DA:158,416
DA:159,112
DA:160,232
DA:161,232
DA:162,232
DA:163,232
DA:177,424
DA:178,212
DA:179,212
DA:180,212
DA:183,40
DA:184,20
DA:185,20
DA:186,20
DA:188,232
DA:189,366
DA:190,366
DA:192,6
DA:193,6
DA:194,6
DA:195,6
DA:196,6
DA:197,6
DA:198,6
LF:98
LH:95
end_of_record
TN:
SF:/qulacs-osaka/src/vqcsim/parametric_gate_factory.cpp
FN:18,_ZN4gate12ParametricRXEjd
FN:22,_ZN4gate12ParametricRYEjd
FN:26,_ZN4gate12ParametricRZEjd
FN:30,_ZN4gate23ParametricPauliRotationESt6vectorIjSaIjEES2_d
FN:44,_ZN4gate42create_parametric_quantum_gate_from_stringENSt7__cxx1112basic_stringIcSt11char_traitsIcESaIcEEE
FNDA:0,_ZN4gate42create_parametric_quantum_gate_from_stringENSt7__cxx1112basic_stringIcSt11char_traitsIcESaIcEEE
FNDA:54,_ZN4gate23ParametricPauliRotationESt6vectorIjSaIjEES2_d
FNDA:182,_ZN4gate12ParametricRXEjd
FNDA:150,_ZN4gate12ParametricRYEjd
FNDA:160,_ZN4gate12ParametricRZEjd
FNF:5
FNH:4
DA:18,182
DA:20,182
DA:22,150
DA:24,150
DA:26,160
DA:28,160
DA:30,54
DA:32,54
DA:38,8
DA:40,50
DA:41,50
DA:44,0
DA:47,0
DA:48,0
DA:54,0
DA:57,0
DA:59,0
DA:61,0
DA:62,0
DA:63,0
DA:64,0
DA:65,0
DA:66,0
DA:67,0
DA:68,0
DA:69,0
DA:70,0
DA:71,0
DA:72,0
DA:74,0
DA:75,0
DA:76,0
DA:77,0
DA:78,0
DA:79,0
DA:80,0
DA:81,0
DA:84,0
DA:85,0
DA:86,0
DA:88,0
DA:90,0
LF:42
LH:11
end_of_record
TN:
SF:/qulacs-osaka/src/vqcsim/problem.hpp
FN:89,_ZNK25EnergyMinimizationProblem12compute_lossEPK16QuantumStateBase
FNDA:70000,_ZNK25EnergyMinimizationProblem12compute_lossEPK16QuantumStateBase
FNF:1
FNH:1
DA:89,70000
DA:90,70000
LF:2
LH:2
end_of_record
TN:
SF:/qulacs-osaka/src/vqcsim/simulator_parametric.cpp
FN:4,_ZN33ParametricQuantumCircuitSimulatorC2EP24ParametricQuantumCircuitP16QuantumStateBase
FN:8,_ZNK33ParametricQuantumCircuitSimulator13get_parameterEj
FN:11,_ZN33ParametricQuantumCircuitSimulator19add_parameter_valueEjd
FN:16,_ZN33ParametricQuantumCircuitSimulator19set_parameter_valueEjd
FN:20,_ZN33ParametricQuantumCircuitSimulator25get_parametric_gate_countEv
FN:23,_ZN33ParametricQuantumCircuitSimulator28get_parametric_gate_positionEj
FNDA:96000,_ZN33ParametricQuantumCircuitSimulator19add_parameter_valueEjd
FNDA:6,_ZN33ParametricQuantumCircuitSimulatorC2EP24ParametricQuantumCircuitP16QuantumStateBase
FNDA:32000,_ZN33ParametricQuantumCircuitSimulator19set_parameter_valueEjd
FNDA:6,_ZN33ParametricQuantumCircuitSimulator25get_parametric_gate_countEv
FNDA:32000,_ZN33ParametricQuantumCircuitSimulator28get_parametric_gate_positionEj
FNDA:0,_ZNK33ParametricQuantumCircuitSimulator13get_parameterEj
FNF:6
FNH:5
DA:4,6
DA:5,6
DA:6,6
DA:8,0
DA:9,0
DA:11,96000
DA:13,96000
DA:14,96000
DA:15,96000
DA:16,32000
DA:18,32000
DA:19,32000
DA:20,6
DA:21,6
DA:23,32000
DA:25,32000
LF:16
LH:14
end_of_record
